Build started 26/09/2014 21:12:13.
     1>Project "C:\Users\phil\Desktop\basic\jpeg-9a\jpeg.vcxproj" on node 2 (LibLinkOnly target(s)).
     1>Lib:
         C:\Program Files\Microsoft Visual Studio 10.0\VC\bin\Lib.exe /OUT:"C:\Users\phil\Desktop\basic\Release\jpeg.lib" /NOLOGO /LTCG Release\jaricom.obj
         Release\jcapimin.obj
         Release\jcapistd.obj
         Release\jcarith.obj
         Release\jccoefct.obj
         Release\jccolor.obj
         Release\jcdctmgr.obj
         Release\jchuff.obj
         Release\jcinit.obj
         Release\jcmainct.obj
         Release\jcmarker.obj
         Release\jcmaster.obj
         Release\jcomapi.obj
         Release\jcparam.obj
         Release\jcprepct.obj
         Release\jcsample.obj
         Release\jctrans.obj
         Release\jdapimin.obj
         Release\jdapistd.obj
         Release\jdarith.obj
         Release\jdatadst.obj
         Release\jdatasrc.obj
         Release\jdcoefct.obj
         Release\jdcolor.obj
         Release\jddctmgr.obj
         Release\jdhuff.obj
         Release\jdinput.obj
         Release\jdmainct.obj
         Release\jdmarker.obj
         Release\jdmaster.obj
         Release\jdmerge.obj
         Release\jdpostct.obj
         Release\jdsample.obj
         Release\jdtrans.obj
         Release\jerror.obj
         Release\jfdctflt.obj
         Release\jfdctfst.obj
         Release\jfdctint.obj
         Release\jidctflt.obj
         Release\jidctfst.obj
         Release\jidctint.obj
         Release\jmemmgr.obj
         Release\jmemnobs.obj
         Release\jquant1.obj
         Release\jquant2.obj
         Release\jutils.obj
         jpeg.vcxproj -> C:\Users\phil\Desktop\basic\Release\jpeg.lib
       CustomBuildStep:
       Skipping target "CustomBuildStep" because it has no outputs.
       CustomBuildStep:
       Skipping target "CustomBuildStep" because it has no outputs.
     1>Done Building Project "C:\Users\phil\Desktop\basic\jpeg-9a\jpeg.vcxproj" (LibLinkOnly target(s)).

Build succeeded.

Time Elapsed 00:00:00.28
