gpasm-0.13.7 beta               cylon.asm   9-17-2009  21:03:48          PAGE  1


LOC  OBJECT CODE     LINE SOURCE TEXT
  VALUE
 
               00001 ;--------------------------------------------------------
               00002 ; File Created by SDCC : free open source ANSI-C Compiler
               00003 ; Version 2.9.2 #5492 (Aug 17 2009) (MINGW32)
               00004 ; This file was generated Thu Sep 17 21:03:48 2009
               00005 ;--------------------------------------------------------
               00006 ; PIC port for the 14-bit core
               00007 ;--------------------------------------------------------
               00008 ;       .file   "cylon.c"
               00009         list    p=16f648A
               00010         radix dec
               00011         include "p16f648A.inc"
               00001         LIST
               00002 ; P16F648A.INC  Standard Header File, Version 1.00    Microchip Technology, Inc.
               00264         LIST
               00012 ;--------------------------------------------------------
               00013 ; external declarations
               00014 ;--------------------------------------------------------
               00015         extern  _init_hw
               00016         extern  _delay_us
               00017         extern  _delay
               00018         extern  _CCP1CON_bits
               00019         extern  _CMCON_bits
               00020         extern  _EECON1_bits
               00021         extern  _INTCON_bits
               00022         extern  _OPTION_REG_bits
               00023         extern  _PCON_bits
               00024         extern  _PIE1_bits
               00025         extern  _PIR1_bits
               00026         extern  _PORTA_bits
               00027         extern  _PORTB_bits
               00028         extern  _RCSTA_bits
               00029         extern  _STATUS_bits
               00030         extern  _T1CON_bits
               00031         extern  _T2CON_bits
               00032         extern  _TRISA_bits
               00033         extern  _TRISB_bits
               00034         extern  _TXSTA_bits
               00035         extern  _VRCON_bits
               00036         extern  _INDF
               00037         extern  _TMR0
               00038         extern  _PCL
               00039         extern  _STATUS
               00040         extern  _FSR
               00041         extern  _PORTA
               00042         extern  _PORTB
               00043         extern  _PCLATH
               00044         extern  _INTCON
               00045         extern  _PIR1
               00046         extern  _TMR1L
               00047         extern  _TMR1H
               00048         extern  _T1CON
               00049         extern  _TMR2
               00050         extern  _T2CON
               00051         extern  _CCPR1L
gpasm-0.13.7 beta               cylon.asm   9-17-2009  21:03:48          PAGE  2


LOC  OBJECT CODE     LINE SOURCE TEXT
  VALUE
 
               00052         extern  _CCPR1H
               00053         extern  _CCP1CON
               00054         extern  _RCSTA
               00055         extern  _TXREG
               00056         extern  _RCREG
               00057         extern  _CMCON
               00058         extern  _OPTION_REG
               00059         extern  _TRISA
               00060         extern  _TRISB
               00061         extern  _PIE1
               00062         extern  _PCON
               00063         extern  _PR2
               00064         extern  _TXSTA
               00065         extern  _SPBRG
               00066         extern  _EEDATA
               00067         extern  _EEADR
               00068         extern  _EECON1
               00069         extern  _EECON2
               00070         extern  _VRCON
               00071 
               00072         extern PSAVE
               00073         extern SSAVE
               00074         extern WSAVE
               00075         extern STK12
               00076         extern STK11
               00077         extern STK10
               00078         extern STK09
               00079         extern STK08
               00080         extern STK07
               00081         extern STK06
               00082         extern STK05
               00083         extern STK04
               00084         extern STK03
               00085         extern STK02
               00086         extern STK01
               00087         extern STK00
               00088 ;--------------------------------------------------------
               00089 ; global declarations
               00090 ;--------------------------------------------------------
               00091         global  _cylon
               00092 
               00093 ;--------------------------------------------------------
               00094 ; global definitions
               00095 ;--------------------------------------------------------
               00096 ;--------------------------------------------------------
               00097 ; absolute symbol definitions
               00098 ;--------------------------------------------------------
               00099 ;--------------------------------------------------------
               00100 ; compiler-defined variables
               00101 ;--------------------------------------------------------
               00102 UDL_cylon_0     udata
               00103 r0x1018 res     1
               00104 r0x1019 res     1
               00105 r0x101A res     1
gpasm-0.13.7 beta               cylon.asm   9-17-2009  21:03:48          PAGE  3


LOC  OBJECT CODE     LINE SOURCE TEXT
  VALUE
 
               00106 r0x101B res     1
               00107 r0x101C res     1
               00108 r0x101D res     1
               00109 r0x101E res     1
               00110 _cylon_cylon_bits_1_1   res     24
               00111 ;--------------------------------------------------------
               00112 ; initialized data
               00113 ;--------------------------------------------------------
               00114 ;--------------------------------------------------------
               00115 ; overlayable items in internal ram 
               00116 ;--------------------------------------------------------
               00117 ;       udata_ovr
               00118 ;--------------------------------------------------------
               00119 ; code
               00120 ;--------------------------------------------------------
               00121 code_cylon      code
               00122 ;***
               00123 ;  pBlock Stats: dbName = C
               00124 ;***
               00125 ;entry:  _cylon ;Function start
               00126 ; 2 exit points
               00127 ;has an exit
               00128 ;functions called:
               00129 ;   _delay
               00130 ;   _delay
               00131 ;   _delay
               00132 ;   _delay
               00133 ;   _delay
               00134 ;   _delay
               00135 ;   _delay
               00136 ;   _delay
               00137 ;7 compiler assigned registers:
               00138 ;   r0x1018
               00139 ;   r0x1019
               00140 ;   r0x101A
               00141 ;   r0x101B
               00142 ;   r0x101C
               00143 ;   r0x101D
               00144 ;   r0x101E
               00145 ;; Starting pCode block
0000 00146 _cylon  ;Function start
               00147 ; 2 exit points
               00148 ;       .line   10; "cylon.c"   void cylon(unsigned char cylon_style) {
0000 0000 0000 00149         BANKSEL r0x1018
0002 0080      00150         MOVWF   r0x1018
               00151 ;/home/sdcc-builder/build/sdcc-build/orig/sdcc/src/pic/gen.c:5904: size=0/1, offset=0, AOP_TYPE(res)=8
               00152 ;       .line   14; "cylon.c"   const unsigned char cylon_bits[] = {
0003 0000 0000 00153         BANKSEL _cylon_cylon_bits_1_1
0005 0180      00154         CLRF    (_cylon_cylon_bits_1_1 + 0)
               00155 ;/home/sdcc-builder/build/sdcc-build/orig/sdcc/src/pic/gen.c:5904: size=0/1, offset=0, AOP_TYPE(res)=8
0006 0180      00156         CLRF    (_cylon_cylon_bits_1_1 + 1)
               00157 ;/home/sdcc-builder/build/sdcc-build/orig/sdcc/src/pic/gen.c:5904: size=0/1, offset=0, AOP_TYPE(res)=8
0007 3002      00158         MOVLW   0x02
0008 0080      00159         MOVWF   (_cylon_cylon_bits_1_1 + 2)
gpasm-0.13.7 beta               cylon.asm   9-17-2009  21:03:48          PAGE  4


LOC  OBJECT CODE     LINE SOURCE TEXT
  VALUE
 
               00160 ;/home/sdcc-builder/build/sdcc-build/orig/sdcc/src/pic/gen.c:5904: size=0/1, offset=0, AOP_TYPE(res)=8
0009 0180      00161         CLRF    (_cylon_cylon_bits_1_1 + 3)
               00162 ;/home/sdcc-builder/build/sdcc-build/orig/sdcc/src/pic/gen.c:5904: size=0/1, offset=0, AOP_TYPE(res)=8
000A 3003      00163         MOVLW   0x03
000B 0080      00164         MOVWF   (_cylon_cylon_bits_1_1 + 4)
               00165 ;/home/sdcc-builder/build/sdcc-build/orig/sdcc/src/pic/gen.c:5904: size=0/1, offset=0, AOP_TYPE(res)=8
000C 0180      00166         CLRF    (_cylon_cylon_bits_1_1 + 5)
               00167 ;/home/sdcc-builder/build/sdcc-build/orig/sdcc/src/pic/gen.c:5904: size=0/1, offset=0, AOP_TYPE(res)=8
000D 3001      00168         MOVLW   0x01
000E 0080      00169         MOVWF   (_cylon_cylon_bits_1_1 + 6)
               00170 ;/home/sdcc-builder/build/sdcc-build/orig/sdcc/src/pic/gen.c:5904: size=0/1, offset=0, AOP_TYPE(res)=8
000F 3080      00171         MOVLW   0x80
0010 0080      00172         MOVWF   (_cylon_cylon_bits_1_1 + 7)
               00173 ;/home/sdcc-builder/build/sdcc-build/orig/sdcc/src/pic/gen.c:5904: size=0/1, offset=0, AOP_TYPE(res)=8
0011 0180      00174         CLRF    (_cylon_cylon_bits_1_1 + 8)
               00175 ;/home/sdcc-builder/build/sdcc-build/orig/sdcc/src/pic/gen.c:5904: size=0/1, offset=0, AOP_TYPE(res)=8
0012 30C0      00176         MOVLW   0xc0
0013 0080      00177         MOVWF   (_cylon_cylon_bits_1_1 + 9)
               00178 ;/home/sdcc-builder/build/sdcc-build/orig/sdcc/src/pic/gen.c:5904: size=0/1, offset=0, AOP_TYPE(res)=8
0014 0180      00179         CLRF    (_cylon_cylon_bits_1_1 + 10)
               00180 ;/home/sdcc-builder/build/sdcc-build/orig/sdcc/src/pic/gen.c:5904: size=0/1, offset=0, AOP_TYPE(res)=8
0015 3070      00181         MOVLW   0x70
0016 0080      00182         MOVWF   (_cylon_cylon_bits_1_1 + 11)
               00183 ;/home/sdcc-builder/build/sdcc-build/orig/sdcc/src/pic/gen.c:5904: size=0/1, offset=0, AOP_TYPE(res)=8
0017 0180      00184         CLRF    (_cylon_cylon_bits_1_1 + 12)
               00185 ;/home/sdcc-builder/build/sdcc-build/orig/sdcc/src/pic/gen.c:5904: size=0/1, offset=0, AOP_TYPE(res)=8
0018 3038      00186         MOVLW   0x38
0019 0080      00187         MOVWF   (_cylon_cylon_bits_1_1 + 13)
               00188 ;/home/sdcc-builder/build/sdcc-build/orig/sdcc/src/pic/gen.c:5904: size=0/1, offset=0, AOP_TYPE(res)=8
001A 3008      00189         MOVLW   0x08
001B 0080      00190         MOVWF   (_cylon_cylon_bits_1_1 + 14)
001C 0080      00191         MOVWF   (_cylon_cylon_bits_1_1 + 15)
               00192 ;/home/sdcc-builder/build/sdcc-build/orig/sdcc/src/pic/gen.c:5904: size=0/1, offset=0, AOP_TYPE(res)=8
001D 300C      00193         MOVLW   0x0c
001E 0080      00194         MOVWF   (_cylon_cylon_bits_1_1 + 16)
               00195 ;/home/sdcc-builder/build/sdcc-build/orig/sdcc/src/pic/gen.c:5904: size=0/1, offset=0, AOP_TYPE(res)=8
001F 0180      00196         CLRF    (_cylon_cylon_bits_1_1 + 17)
               00197 ;/home/sdcc-builder/build/sdcc-build/orig/sdcc/src/pic/gen.c:5904: size=0/1, offset=0, AOP_TYPE(res)=8
0020 3004      00198         MOVLW   0x04
0021 0080      00199         MOVWF   (_cylon_cylon_bits_1_1 + 18)
               00200 ;/home/sdcc-builder/build/sdcc-build/orig/sdcc/src/pic/gen.c:5904: size=0/1, offset=0, AOP_TYPE(res)=8
0022 3001      00201         MOVLW   0x01
0023 0080      00202         MOVWF   (_cylon_cylon_bits_1_1 + 19)
               00203 ;/home/sdcc-builder/build/sdcc-build/orig/sdcc/src/pic/gen.c:5904: size=0/1, offset=0, AOP_TYPE(res)=8
0024 0180      00204         CLRF    (_cylon_cylon_bits_1_1 + 20)
               00205 ;/home/sdcc-builder/build/sdcc-build/orig/sdcc/src/pic/gen.c:5904: size=0/1, offset=0, AOP_TYPE(res)=8
0025 3001      00206         MOVLW   0x01
0026 0080      00207         MOVWF   (_cylon_cylon_bits_1_1 + 21)
               00208 ;/home/sdcc-builder/build/sdcc-build/orig/sdcc/src/pic/gen.c:5904: size=0/1, offset=0, AOP_TYPE(res)=8
0027 0180      00209         CLRF    (_cylon_cylon_bits_1_1 + 22)
               00210 ;/home/sdcc-builder/build/sdcc-build/orig/sdcc/src/pic/gen.c:5904: size=0/1, offset=0, AOP_TYPE(res)=8
0028 0180      00211         CLRF    (_cylon_cylon_bits_1_1 + 23)
               00212 ;       .line   32; "cylon.c"   if(cylon_style == 0) {
0029 0000 0000 00213         BANKSEL r0x1018
gpasm-0.13.7 beta               cylon.asm   9-17-2009  21:03:48          PAGE  5


LOC  OBJECT CODE     LINE SOURCE TEXT
  VALUE
 
002B 0800      00214         MOVF    r0x1018,W
002C 1D03      00215         BTFSS   STATUS,2
002D 2800      00216         GOTO    _00121_DS_
               00217 ;       .line   36; "cylon.c"   for(i = 0; i < sizeof(cylon_bits); i=i+2) 
002E 0180      00218         CLRF    r0x1019
               00219 ;unsigned compare: left < lit(0x18=24), size=1
002F 00220 _00123_DS_
002F 3018      00221         MOVLW   0x18
0030 0000 0000 00222         BANKSEL r0x1019
0032 0200      00223         SUBWF   r0x1019,W
0033 1803      00224         BTFSC   STATUS,0
0034 2800      00225         GOTO    _00126_DS_
               00226 ;genSkipc:3080: created from rifx:0x2260cc
               00227 ;       .line   38; "cylon.c"   PORTA = cylon_bits[i];
0035 0800      00228         MOVF    r0x1019,W
0036 3E00      00229         ADDLW   (_cylon_cylon_bits_1_1 + 0)
0037 0080      00230         MOVWF   r0x101A
0038 3000      00231         MOVLW   high (_cylon_cylon_bits_1_1 + 0)
0039 1803      00232         BTFSC   STATUS,0
003A 3E01      00233         ADDLW   0x01
003B 0080      00234         MOVWF   r0x101B
003C 0800      00235         MOVF    r0x101A,W
003D 0084      00236         MOVWF   FSR
003E 1383      00237         BCF     STATUS,7
003F 1800      00238         BTFSC   r0x101B,0
0040 1783      00239         BSF     STATUS,7
0041 0800      00240         MOVF    INDF,W
0042 0000 0000 00241         BANKSEL _PORTA
0044 0080      00242         MOVWF   _PORTA
               00243 ;       .line   39; "cylon.c"   PORTB = cylon_bits[i+1];
0045 0000 0000 00244         BANKSEL r0x1019
0047 0A00      00245         INCF    r0x1019,W
0048 0080      00246         MOVWF   r0x101A
0049 3E00      00247         ADDLW   (_cylon_cylon_bits_1_1 + 0)
004A 0080      00248         MOVWF   r0x101A
004B 3000      00249         MOVLW   high (_cylon_cylon_bits_1_1 + 0)
004C 1803      00250         BTFSC   STATUS,0
004D 3E01      00251         ADDLW   0x01
004E 0080      00252         MOVWF   r0x101C
004F 0800      00253         MOVF    r0x101A,W
0050 0084      00254         MOVWF   FSR
0051 1383      00255         BCF     STATUS,7
0052 1800      00256         BTFSC   r0x101C,0
0053 1783      00257         BSF     STATUS,7
0054 0800      00258         MOVF    INDF,W
0055 0000 0000 00259         BANKSEL _PORTB
0057 0080      00260         MOVWF   _PORTB
               00261 ;       .line   40; "cylon.c"   delay(CYLON_SCAN_DELAY);
0058 3032      00262         MOVLW   0x32
0059 0000      00263         PAGESEL _delay
005A 2000      00264         CALL    _delay
005B 0000      00265         PAGESEL $
               00266 ;       .line   36; "cylon.c"   for(i = 0; i < sizeof(cylon_bits); i=i+2) 
005C 0000 0000 00267         BANKSEL r0x1019
gpasm-0.13.7 beta               cylon.asm   9-17-2009  21:03:48          PAGE  6


LOC  OBJECT CODE     LINE SOURCE TEXT
  VALUE
 
005E 0A80      00268         INCF    r0x1019,F
005F 0A80      00269         INCF    r0x1019,F
0060 2800      00270         GOTO    _00123_DS_
0061 00271 _00126_DS_
               00272 ;       .line   44; "cylon.c"   while (1)
0061 3016      00273         MOVLW   0x16
0062 0000 0000 00274         BANKSEL r0x1019
0064 0080      00275         MOVWF   r0x1019
0065 00276 _00108_DS_
               00277 ;       .line   46; "cylon.c"   PORTA = cylon_bits[i];
0065 0000 0000 00278         BANKSEL r0x1019
0067 0800      00279         MOVF    r0x1019,W
0068 3E00      00280         ADDLW   (_cylon_cylon_bits_1_1 + 0)
0069 0080      00281         MOVWF   r0x101A
006A 3000      00282         MOVLW   high (_cylon_cylon_bits_1_1 + 0)
006B 1803      00283         BTFSC   STATUS,0
006C 3E01      00284         ADDLW   0x01
006D 0080      00285         MOVWF   r0x101C
006E 0800      00286         MOVF    r0x101A,W
006F 0084      00287         MOVWF   FSR
0070 1383      00288         BCF     STATUS,7
0071 1800      00289         BTFSC   r0x101C,0
0072 1783      00290         BSF     STATUS,7
0073 0800      00291         MOVF    INDF,W
0074 0000 0000 00292         BANKSEL _PORTA
0076 0080      00293         MOVWF   _PORTA
               00294 ;       .line   47; "cylon.c"   PORTB = cylon_bits[i+1];
0077 0000 0000 00295         BANKSEL r0x1019
0079 0A00      00296         INCF    r0x1019,W
007A 0080      00297         MOVWF   r0x101A
007B 3E00      00298         ADDLW   (_cylon_cylon_bits_1_1 + 0)
007C 0080      00299         MOVWF   r0x101A
007D 3000      00300         MOVLW   high (_cylon_cylon_bits_1_1 + 0)
007E 1803      00301         BTFSC   STATUS,0
007F 3E01      00302         ADDLW   0x01
0080 0080      00303         MOVWF   r0x101D
0081 0800      00304         MOVF    r0x101A,W
0082 0084      00305         MOVWF   FSR
0083 1383      00306         BCF     STATUS,7
0084 1800      00307         BTFSC   r0x101D,0
0085 1783      00308         BSF     STATUS,7
0086 0800      00309         MOVF    INDF,W
0087 0000 0000 00310         BANKSEL _PORTB
0089 0080      00311         MOVWF   _PORTB
               00312 ;       .line   48; "cylon.c"   delay(CYLON_SCAN_DELAY);
008A 3032      00313         MOVLW   0x32
008B 0000      00314         PAGESEL _delay
008C 2000      00315         CALL    _delay
008D 0000      00316         PAGESEL $
               00317 ;       .line   49; "cylon.c"   if (i==0) break;
008E 0000 0000 00318         BANKSEL r0x1019
0090 0800      00319         MOVF    r0x1019,W
0091 1903      00320         BTFSC   STATUS,2
0092 2800      00321         GOTO    _00131_DS_
gpasm-0.13.7 beta               cylon.asm   9-17-2009  21:03:48          PAGE  7


LOC  OBJECT CODE     LINE SOURCE TEXT
  VALUE
 
               00322 ;       .line   50; "cylon.c"   i=i-2;
0093 30FE      00323         MOVLW   0xfe
0094 0780      00324         ADDWF   r0x1019,F
0095 2800      00325         GOTO    _00108_DS_
0096 00326 _00121_DS_
               00327 ;       .line   53; "cylon.c"   } else if(cylon_style == 1) {
0096 0000 0000 00328         BANKSEL r0x1018
0098 0800      00329         MOVF    r0x1018,W
0099 3A01      00330         XORLW   0x01
009A 1D03      00331         BTFSS   STATUS,2
009B 2800      00332         GOTO    _00118_DS_
               00333 ;       .line   57; "cylon.c"   for(i = 0; i < sizeof(cylon_bits); i+=2) 
009C 0180      00334         CLRF    r0x1019
               00335 ;unsigned compare: left < lit(0x18=24), size=1
009D 00336 _00127_DS_
009D 3018      00337         MOVLW   0x18
009E 0000 0000 00338         BANKSEL r0x1019
00A0 0200      00339         SUBWF   r0x1019,W
00A1 1803      00340         BTFSC   STATUS,0
00A2 2800      00341         GOTO    _00131_DS_
               00342 ;genSkipc:3080: created from rifx:0x2260cc
               00343 ;       .line   59; "cylon.c"   PORTA = cylon_bits[i];
00A3 0800      00344         MOVF    r0x1019,W
00A4 3E00      00345         ADDLW   (_cylon_cylon_bits_1_1 + 0)
00A5 0080      00346         MOVWF   r0x101A
00A6 3000      00347         MOVLW   high (_cylon_cylon_bits_1_1 + 0)
00A7 1803      00348         BTFSC   STATUS,0
00A8 3E01      00349         ADDLW   0x01
00A9 0080      00350         MOVWF   r0x101D
00AA 0800      00351         MOVF    r0x101A,W
00AB 0084      00352         MOVWF   FSR
00AC 1383      00353         BCF     STATUS,7
00AD 1800      00354         BTFSC   r0x101D,0
00AE 1783      00355         BSF     STATUS,7
00AF 0800      00356         MOVF    INDF,W
00B0 0000 0000 00357         BANKSEL _PORTA
00B2 0080      00358         MOVWF   _PORTA
               00359 ;       .line   60; "cylon.c"   PORTB = cylon_bits[i+1];
00B3 0000 0000 00360         BANKSEL r0x1019
00B5 0A00      00361         INCF    r0x1019,W
00B6 0080      00362         MOVWF   r0x101A
00B7 3E00      00363         ADDLW   (_cylon_cylon_bits_1_1 + 0)
00B8 0080      00364         MOVWF   r0x101A
00B9 3000      00365         MOVLW   high (_cylon_cylon_bits_1_1 + 0)
00BA 1803      00366         BTFSC   STATUS,0
00BB 3E01      00367         ADDLW   0x01
00BC 0080      00368         MOVWF   r0x101E
00BD 0800      00369         MOVF    r0x101A,W
00BE 0084      00370         MOVWF   FSR
00BF 1383      00371         BCF     STATUS,7
00C0 1800      00372         BTFSC   r0x101E,0
00C1 1783      00373         BSF     STATUS,7
00C2 0800      00374         MOVF    INDF,W
00C3 0000 0000 00375         BANKSEL _PORTB
gpasm-0.13.7 beta               cylon.asm   9-17-2009  21:03:48          PAGE  8


LOC  OBJECT CODE     LINE SOURCE TEXT
  VALUE
 
00C5 0080      00376         MOVWF   _PORTB
               00377 ;       .line   61; "cylon.c"   delay(CYLON_SCAN_DELAY);
00C6 3032      00378         MOVLW   0x32
00C7 0000      00379         PAGESEL _delay
00C8 2000      00380         CALL    _delay
00C9 0000      00381         PAGESEL $
               00382 ;       .line   57; "cylon.c"   for(i = 0; i < sizeof(cylon_bits); i+=2) 
00CA 0000 0000 00383         BANKSEL r0x1019
00CC 0A80      00384         INCF    r0x1019,F
00CD 0A80      00385         INCF    r0x1019,F
00CE 2800      00386         GOTO    _00127_DS_
00CF 00387 _00118_DS_
               00388 ;       .line   65; "cylon.c"   } else if(cylon_style == 2) {
00CF 0000 0000 00389         BANKSEL r0x1018
00D1 0800      00390         MOVF    r0x1018,W
00D2 3A02      00391         XORLW   0x02
00D3 1D03      00392         BTFSS   STATUS,2
00D4 2800      00393         GOTO    _00131_DS_
               00394 ;       .line   70; "cylon.c"   while (1)
00D5 3016      00395         MOVLW   0x16
00D6 0080      00396         MOVWF   r0x1018
00D7 00397 _00113_DS_
               00398 ;       .line   72; "cylon.c"   PORTA = cylon_bits[i];
00D7 0000 0000 00399         BANKSEL r0x1018
00D9 0800      00400         MOVF    r0x1018,W
00DA 3E00      00401         ADDLW   (_cylon_cylon_bits_1_1 + 0)
00DB 0080      00402         MOVWF   r0x1019
00DC 3000      00403         MOVLW   high (_cylon_cylon_bits_1_1 + 0)
00DD 1803      00404         BTFSC   STATUS,0
00DE 3E01      00405         ADDLW   0x01
00DF 0080      00406         MOVWF   r0x101A
00E0 0800      00407         MOVF    r0x1019,W
00E1 0084      00408         MOVWF   FSR
00E2 1383      00409         BCF     STATUS,7
00E3 1800      00410         BTFSC   r0x101A,0
00E4 1783      00411         BSF     STATUS,7
00E5 0800      00412         MOVF    INDF,W
00E6 0000 0000 00413         BANKSEL _PORTA
00E8 0080      00414         MOVWF   _PORTA
               00415 ;       .line   73; "cylon.c"   PORTB = cylon_bits[i+1];
00E9 0000 0000 00416         BANKSEL r0x1018
00EB 0A00      00417         INCF    r0x1018,W
00EC 0080      00418         MOVWF   r0x1019
00ED 3E00      00419         ADDLW   (_cylon_cylon_bits_1_1 + 0)
00EE 0080      00420         MOVWF   r0x1019
00EF 3000      00421         MOVLW   high (_cylon_cylon_bits_1_1 + 0)
00F0 1803      00422         BTFSC   STATUS,0
00F1 3E01      00423         ADDLW   0x01
00F2 0080      00424         MOVWF   r0x101E
00F3 0800      00425         MOVF    r0x1019,W
00F4 0084      00426         MOVWF   FSR
00F5 1383      00427         BCF     STATUS,7
00F6 1800      00428         BTFSC   r0x101E,0
00F7 1783      00429         BSF     STATUS,7
gpasm-0.13.7 beta               cylon.asm   9-17-2009  21:03:48          PAGE  9


LOC  OBJECT CODE     LINE SOURCE TEXT
  VALUE
 
00F8 0800      00430         MOVF    INDF,W
00F9 0000 0000 00431         BANKSEL _PORTB
00FB 0080      00432         MOVWF   _PORTB
               00433 ;       .line   74; "cylon.c"   delay(CYLON_SCAN_DELAY);
00FC 3032      00434         MOVLW   0x32
00FD 0000      00435         PAGESEL _delay
00FE 2000      00436         CALL    _delay
00FF 0000      00437         PAGESEL $
               00438 ;       .line   75; "cylon.c"   if (i==0) break;
0100 0000 0000 00439         BANKSEL r0x1018
0102 0800      00440         MOVF    r0x1018,W
0103 1903      00441         BTFSC   STATUS,2
0104 2800      00442         GOTO    _00131_DS_
               00443 ;       .line   76; "cylon.c"   i-=2;
0105 30FE      00444         MOVLW   0xfe
0106 0780      00445         ADDWF   r0x1018,F
0107 2800      00446         GOTO    _00113_DS_
0108 00447 _00131_DS_
0108 0008      00448         RETURN  
               00449 ; exit point of _cylon
               00450 
               00451 
               00452 ;       code size estimation:
               00453 ;         205+   34 =   239 instructions (  546 byte)
               00454 
gpasm-0.13.7 beta               cylon.asm   9-17-2009  21:03:48          PAGE 10


SYMBOL TABLE
  LABEL                             VALUE 

ADEN                              00000003
BRGH                              00000002
C                                 00000000
C1INV                             00000004
C1OUT                             00000006
C2INV                             00000005
C2OUT                             00000007
CCP1CON                           00000017
CCP1IE                            00000002
CCP1IF                            00000002
CCP1M0                            00000000
CCP1M1                            00000001
CCP1M2                            00000002
CCP1M3                            00000003
CCP1X                             00000005
CCP1Y                             00000004
CCPR1H                            00000016
CCPR1L                            00000015
CIS                               00000003
CM0                               00000000
CM1                               00000001
CM2                               00000002
CMCON                             0000001F
CMIE                              00000006
CMIF                              00000006
CREN                              00000004
CSRC                              00000007
DC                                00000001
EEADR                             0000009B
EECON1                            0000009C
EECON2                            0000009D
EEDATA                            0000009A
EEIE                              00000007
EEIF                              00000007
F                                 00000001
FERR                              00000002
FSR                               00000004
GIE                               00000007
INDF                              00000000
INTCON                            0000000B
INTE                              00000004
INTEDG                            00000006
INTF                              00000001
IRP                               00000007
NOT_BO                            00000000
NOT_BOD                           00000000
NOT_BOR                           00000000
NOT_PD                            00000003
NOT_POR                           00000001
NOT_RBPU                          00000007
NOT_T1SYNC                        00000002
NOT_TO                            00000004
OERR                              00000001
gpasm-0.13.7 beta               cylon.asm   9-17-2009  21:03:48          PAGE 11


LOC  OBJECT CODE     LINE SOURCE TEXT
  VALUE
 
OPTION_REG                        00000081
OSCF                              00000003
PCL                               00000002
PCLATH                            0000000A
PCON                              0000008E
PEIE                              00000006
PIE1                              0000008C
PIR1                              0000000C
PORTA                             00000005
PORTB                             00000006
PR2                               00000092
PS0                               00000000
PS1                               00000001
PS2                               00000002
PSA                               00000003
PSAVE                             00000000
RBIE                              00000003
RBIF                              00000000
RCIE                              00000005
RCIF                              00000005
RCREG                             0000001A
RCSTA                             00000018
RD                                00000000
RP0                               00000005
RP1                               00000006
RX9                               00000006
RX9D                              00000000
SPBRG                             00000099
SPEN                              00000007
SREN                              00000005
SSAVE                             00000000
STATUS                            00000003
STK00                             00000000
STK01                             00000000
STK02                             00000000
STK03                             00000000
STK04                             00000000
STK05                             00000000
STK06                             00000000
STK07                             00000000
STK08                             00000000
STK09                             00000000
STK10                             00000000
STK11                             00000000
STK12                             00000000
SYNC                              00000004
T0CS                              00000005
T0IE                              00000005
T0IF                              00000002
T0SE                              00000004
T1CKPS0                           00000004
T1CKPS1                           00000005
T1CON                             00000010
T1OSCEN                           00000003
gpasm-0.13.7 beta               cylon.asm   9-17-2009  21:03:48          PAGE 12


LOC  OBJECT CODE     LINE SOURCE TEXT
  VALUE
 
T2CKPS0                           00000000
T2CKPS1                           00000001
T2CON                             00000012
TMR0                              00000001
TMR1CS                            00000001
TMR1H                             0000000F
TMR1IE                            00000000
TMR1IF                            00000000
TMR1L                             0000000E
TMR1ON                            00000000
TMR2                              00000011
TMR2IE                            00000001
TMR2IF                            00000001
TMR2ON                            00000002
TOUTPS0                           00000003
TOUTPS1                           00000004
TOUTPS2                           00000005
TOUTPS3                           00000006
TRISA                             00000085
TRISB                             00000086
TRMT                              00000001
TX9                               00000006
TX9D                              00000000
TXEN                              00000005
TXIE                              00000004
TXIF                              00000004
TXREG                             00000019
TXSTA                             00000098
VR0                               00000000
VR1                               00000001
VR2                               00000002
VR3                               00000003
VRCON                             0000009F
VREN                              00000007
VROE                              00000006
VRR                               00000005
W                                 00000000
WR                                00000001
WREN                              00000002
WRERR                             00000003
WSAVE                             00000000
Z                                 00000002
_00108_DS_                        00000065
_00113_DS_                        000000D7
_00118_DS_                        000000CF
_00121_DS_                        00000096
_00123_DS_                        0000002F
_00126_DS_                        00000061
_00127_DS_                        0000009D
_00131_DS_                        00000108
_BODEN_OFF                        00003FBF
_BODEN_ON                         00003FFF
_BOREN_OFF                        00003FBF
_BOREN_ON                         00003FFF
gpasm-0.13.7 beta               cylon.asm   9-17-2009  21:03:48          PAGE 13


LOC  OBJECT CODE     LINE SOURCE TEXT
  VALUE
 
_CCP1CON                          00000000
_CCP1CON_bits                     00000000
_CCPR1H                           00000000
_CCPR1L                           00000000
_CMCON                            00000000
_CMCON_bits                       00000000
_CP_OFF                           00003FFF
_CP_ON                            00001FFF
_DATA_CP_OFF                      00003FFF
_DATA_CP_ON                       00003EFF
_EEADR                            00000000
_EECON1                           00000000
_EECON1_bits                      00000000
_EECON2                           00000000
_EEDATA                           00000000
_ER_OSC_CLKOUT                    00003FFF
_ER_OSC_NOCLKOUT                  00003FFE
_EXTCLK_OSC                       00003FEF
_FSR                              00000000
_HS_OSC                           00003FEE
_INDF                             00000000
_INTCON                           00000000
_INTCON_bits                      00000000
_INTOSC_OSC_CLKOUT                00003FFD
_INTOSC_OSC_NOCLKOUT              00003FFC
_INTRC_OSC_CLKOUT                 00003FFD
_INTRC_OSC_NOCLKOUT               00003FFC
_LP_OSC                           00003FEC
_LVP_OFF                          00003F7F
_LVP_ON                           00003FFF
_MCLRE_OFF                        00003FDF
_MCLRE_ON                         00003FFF
_OPTION_REG                       00000000
_OPTION_REG_bits                  00000000
_PCL                              00000000
_PCLATH                           00000000
_PCON                             00000000
_PCON_bits                        00000000
_PIE1                             00000000
_PIE1_bits                        00000000
_PIR1                             00000000
_PIR1_bits                        00000000
_PORTA                            00000000
_PORTA_bits                       00000000
_PORTB                            00000000
_PORTB_bits                       00000000
_PR2                              00000000
_PWRTE_OFF                        00003FFF
_PWRTE_ON                         00003FF7
_RCREG                            00000000
_RCSTA                            00000000
_RCSTA_bits                       00000000
_RC_OSC_CLKOUT                    00003FFF
_RC_OSC_NOCLKOUT                  00003FFE
gpasm-0.13.7 beta               cylon.asm   9-17-2009  21:03:48          PAGE 14


LOC  OBJECT CODE     LINE SOURCE TEXT
  VALUE
 
_SPBRG                            00000000
_STATUS                           00000000
_STATUS_bits                      00000000
_T1CON                            00000000
_T1CON_bits                       00000000
_T2CON                            00000000
_T2CON_bits                       00000000
_TMR0                             00000000
_TMR1H                            00000000
_TMR1L                            00000000
_TMR2                             00000000
_TRISA                            00000000
_TRISA_bits                       00000000
_TRISB                            00000000
_TRISB_bits                       00000000
_TXREG                            00000000
_TXSTA                            00000000
_TXSTA_bits                       00000000
_VRCON                            00000000
_VRCON_bits                       00000000
_WDT_OFF                          00003FFB
_WDT_ON                           00003FFF
_XT_OSC                           00003FED
__16F648A                         00000001
_code_cylon_00005b                0000005B
_code_cylon_00008d                0000008D
_code_cylon_0000c9                000000C9
_code_cylon_0000ff                000000FF
_cylon                            00000000
_cylon_cylon_bits_1_1             00000007
_delay                            00000000
_delay_us                         00000000
_init_hw                          00000000
r0x1018                           00000000
r0x1019                           00000001
r0x101A                           00000002
r0x101B                           00000003
r0x101C                           00000004
r0x101D                           00000005
r0x101E                           00000006


Errors   :       0
Warnings :       0 reported,       0 suppressed
Messages :       0 reported,       0 suppressed

