gpasm-0.13.7 beta               main.asm    9-18-2009  00:00:15          PAGE  1


LOC  OBJECT CODE     LINE SOURCE TEXT
  VALUE
 
               00001 ;--------------------------------------------------------
               00002 ; File Created by SDCC : free open source ANSI-C Compiler
               00003 ; Version 2.9.2 #5492 (Aug 17 2009) (MINGW32)
               00004 ; This file was generated Fri Sep 18 00:00:14 2009
               00005 ;--------------------------------------------------------
               00006 ; PIC port for the 14-bit core
               00007 ;--------------------------------------------------------
               00008 ;       .file   "main.c"
               00009         list    p=16f648A
               00010         radix dec
               00011         include "p16f648A.inc"
               00001         LIST
               00002 ; P16F648A.INC  Standard Header File, Version 1.00    Microchip Technology, Inc.
               00264         LIST
               00012 ;--------------------------------------------------------
               00013 ; config word 
               00014 ;--------------------------------------------------------
002007 0000    00015         __config 0x3f38
               00016 ;--------------------------------------------------------
               00017 ; external declarations
               00018 ;--------------------------------------------------------
               00019         extern  _init_hw
               00020         extern  _delay_us
               00021         extern  _delay
               00022         extern  _play_tone
               00023         extern  _cylon
               00024         extern  _CCP1CON_bits
               00025         extern  _CMCON_bits
               00026         extern  _EECON1_bits
               00027         extern  _INTCON_bits
               00028         extern  _OPTION_REG_bits
               00029         extern  _PCON_bits
               00030         extern  _PIE1_bits
               00031         extern  _PIR1_bits
               00032         extern  _PORTA_bits
               00033         extern  _PORTB_bits
               00034         extern  _RCSTA_bits
               00035         extern  _STATUS_bits
               00036         extern  _T1CON_bits
               00037         extern  _T2CON_bits
               00038         extern  _TRISA_bits
               00039         extern  _TRISB_bits
               00040         extern  _TXSTA_bits
               00041         extern  _VRCON_bits
               00042         extern  _INDF
               00043         extern  _TMR0
               00044         extern  _PCL
               00045         extern  _STATUS
               00046         extern  _FSR
               00047         extern  _PORTA
               00048         extern  _PORTB
               00049         extern  _PCLATH
               00050         extern  _INTCON
               00051         extern  _PIR1
gpasm-0.13.7 beta               main.asm    9-18-2009  00:00:15          PAGE  2


LOC  OBJECT CODE     LINE SOURCE TEXT
  VALUE
 
               00052         extern  _TMR1L
               00053         extern  _TMR1H
               00054         extern  _T1CON
               00055         extern  _TMR2
               00056         extern  _T2CON
               00057         extern  _CCPR1L
               00058         extern  _CCPR1H
               00059         extern  _CCP1CON
               00060         extern  _RCSTA
               00061         extern  _TXREG
               00062         extern  _RCREG
               00063         extern  _CMCON
               00064         extern  _OPTION_REG
               00065         extern  _TRISA
               00066         extern  _TRISB
               00067         extern  _PIE1
               00068         extern  _PCON
               00069         extern  _PR2
               00070         extern  _TXSTA
               00071         extern  _SPBRG
               00072         extern  _EEDATA
               00073         extern  _EEADR
               00074         extern  _EECON1
               00075         extern  _EECON2
               00076         extern  _VRCON
               00077         extern  __sdcc_gsinit_startup
               00078 ;--------------------------------------------------------
               00079 ; global declarations
               00080 ;--------------------------------------------------------
               00081         global  _get_byte
               00082         global  _put_byte
               00083         global  _pattern
               00084         global  _tune
               00085         global  _main
               00086 
               00087         global PSAVE
               00088         global SSAVE
               00089         global WSAVE
               00090         global STK12
               00091         global STK11
               00092         global STK10
               00093         global STK09
               00094         global STK08
               00095         global STK07
               00096         global STK06
               00097         global STK05
               00098         global STK04
               00099         global STK03
               00100         global STK02
               00101         global STK01
               00102         global STK00
               00103 
               00104 sharebank udata_ovr 0x0070
               00105 PSAVE   res 1
gpasm-0.13.7 beta               main.asm    9-18-2009  00:00:15          PAGE  3


LOC  OBJECT CODE     LINE SOURCE TEXT
  VALUE
 
               00106 SSAVE   res 1
               00107 WSAVE   res 1
               00108 STK12   res 1
               00109 STK11   res 1
               00110 STK10   res 1
               00111 STK09   res 1
               00112 STK08   res 1
               00113 STK07   res 1
               00114 STK06   res 1
               00115 STK05   res 1
               00116 STK04   res 1
               00117 STK03   res 1
               00118 STK02   res 1
               00119 STK01   res 1
               00120 STK00   res 1
               00121 
               00122 ;--------------------------------------------------------
               00123 ; global definitions
               00124 ;--------------------------------------------------------
               00125 ;--------------------------------------------------------
               00126 ; absolute symbol definitions
               00127 ;--------------------------------------------------------
               00128 ;--------------------------------------------------------
               00129 ; compiler-defined variables
               00130 ;--------------------------------------------------------
               00131 UDL_main_0      udata
               00132 r0x1033 res     1
               00133 r0x1034 res     1
               00134 r0x1035 res     1
               00135 r0x1036 res     1
               00136 r0x1037 res     1
               00137 r0x1038 res     1
               00138 r0x1039 res     1
               00139 r0x103B res     1
               00140 r0x103A res     1
               00141 _pattern_bits_1_1       res     48
               00142 _main_d_1_1     res     2
               00143 _main_i_1_1     res     1
               00144 ;--------------------------------------------------------
               00145 ; initialized data
               00146 ;--------------------------------------------------------
               00147 ;--------------------------------------------------------
               00148 ; overlayable items in internal ram 
               00149 ;--------------------------------------------------------
               00150 ;       udata_ovr
               00151 ;--------------------------------------------------------
               00152 ; reset vector 
               00153 ;--------------------------------------------------------
               00154 STARTUP code 0x0000
0000 0000      00155         nop
0001 0000      00156         pagesel __sdcc_gsinit_startup
0002 2800      00157         goto    __sdcc_gsinit_startup
               00158 ;--------------------------------------------------------
               00159 ; code
gpasm-0.13.7 beta               main.asm    9-18-2009  00:00:15          PAGE  4


LOC  OBJECT CODE     LINE SOURCE TEXT
  VALUE
 
               00160 ;--------------------------------------------------------
               00161 code_main       code
               00162 ;***
               00163 ;  pBlock Stats: dbName = M
               00164 ;***
               00165 ;entry:  _main  ;Function start
               00166 ; 2 exit points
               00167 ;has an exit
               00168 ;functions called:
               00169 ;   _init_hw
               00170 ;   _pattern
               00171 ;   _tune
               00172 ;   _get_byte
               00173 ;   _get_byte
               00174 ;   _cylon
               00175 ;   _cylon
               00176 ;   _cylon
               00177 ;   _tune
               00178 ;   _get_byte
               00179 ;   _get_byte
               00180 ;   _pattern
               00181 ;   _get_byte
               00182 ;   _get_byte
               00183 ;   _play_tone
               00184 ;   _put_byte
               00185 ;   _init_hw
               00186 ;   _pattern
               00187 ;   _tune
               00188 ;   _get_byte
               00189 ;   _get_byte
               00190 ;   _cylon
               00191 ;   _cylon
               00192 ;   _cylon
               00193 ;   _tune
               00194 ;   _get_byte
               00195 ;   _get_byte
               00196 ;   _pattern
               00197 ;   _get_byte
               00198 ;   _get_byte
               00199 ;   _play_tone
               00200 ;   _put_byte
               00201 ;5 compiler assigned registers:
               00202 ;   STK00
               00203 ;   r0x103A
               00204 ;   r0x103B
               00205 ;   STK02
               00206 ;   STK01
               00207 ;; Starting pCode block
0000 00208 _main   ;Function start
               00209 ; 2 exit points
               00210 ;       .line   112; "main.c"   init_hw();
0000 0000      00211         PAGESEL _init_hw
0001 2000      00212         CALL    _init_hw
0002 0000      00213         PAGESEL $
gpasm-0.13.7 beta               main.asm    9-18-2009  00:00:15          PAGE  5


LOC  OBJECT CODE     LINE SOURCE TEXT
  VALUE
 
               00214 ;       .line   114; "main.c"   pattern();
0003 2000      00215         CALL    _pattern
               00216 ;       .line   115; "main.c"   PORTA=(unsigned char)5; PORTB=(unsigned char)72;        // 01010 01010  Eyes
0004 3005      00217         MOVLW   0x05
0005 0000 0000 00218         BANKSEL _PORTA
0007 0080      00219         MOVWF   _PORTA
0008 3048      00220         MOVLW   0x48
0009 0080      00221         MOVWF   _PORTB
               00222 ;       .line   116; "main.c"   tune();
000A 2000      00223         CALL    _tune
000B 00224 _00163_DS_
               00225 ;       .line   120; "main.c"   d=get_byte();
000B 2000      00226         CALL    _get_byte
000C 0000 0000 00227         BANKSEL _main_d_1_1
000E 0080      00228         MOVWF   (_main_d_1_1 + 1)
000F 0800      00229         MOVF    STK00,W
               00230 ;       .line   122; "main.c"   if (d == 'S') //start byte
0010 0080      00231         MOVWF   _main_d_1_1
0011 3A53      00232         XORLW   0x53
0012 1D03      00233         BTFSS   STATUS,2
0013 2800      00234         GOTO    _00163_DS_
0014 0800      00235         MOVF    (_main_d_1_1 + 1),W
0015 3A00      00236         XORLW   0x00
0016 1D03      00237         BTFSS   STATUS,2
0017 2800      00238         GOTO    _00163_DS_
               00239 ;       .line   124; "main.c"   d=get_byte();
0018 2000      00240         CALL    _get_byte
0019 0000 0000 00241         BANKSEL _main_d_1_1
001B 0080      00242         MOVWF   (_main_d_1_1 + 1)
001C 0800      00243         MOVF    STK00,W
               00244 ;       .line   129; "main.c"   switch (d)
001D 0080      00245         MOVWF   _main_d_1_1
001E 3A41      00246         XORLW   0x41
001F 1D03      00247         BTFSS   STATUS,2
0020 2800      00248         GOTO    _00181_DS_
0021 0800      00249         MOVF    (_main_d_1_1 + 1),W
0022 3A00      00250         XORLW   0x00
0023 1903      00251         BTFSC   STATUS,2
0024 2800      00252         GOTO    _00147_DS_
0025 00253 _00181_DS_
0025 0000 0000 00254         BANKSEL _main_d_1_1
0027 0800      00255         MOVF    _main_d_1_1,W
0028 3A42      00256         XORLW   0x42
0029 1D03      00257         BTFSS   STATUS,2
002A 2800      00258         GOTO    _00182_DS_
002B 0800      00259         MOVF    (_main_d_1_1 + 1),W
002C 3A00      00260         XORLW   0x00
002D 1903      00261         BTFSC   STATUS,2
002E 2800      00262         GOTO    _00148_DS_
002F 00263 _00182_DS_
002F 0000 0000 00264         BANKSEL _main_d_1_1
0031 0800      00265         MOVF    _main_d_1_1,W
0032 3A43      00266         XORLW   0x43
0033 1D03      00267         BTFSS   STATUS,2
gpasm-0.13.7 beta               main.asm    9-18-2009  00:00:15          PAGE  6


LOC  OBJECT CODE     LINE SOURCE TEXT
  VALUE
 
0034 2800      00268         GOTO    _00183_DS_
0035 0800      00269         MOVF    (_main_d_1_1 + 1),W
0036 3A00      00270         XORLW   0x00
0037 1903      00271         BTFSC   STATUS,2
0038 2800      00272         GOTO    _00149_DS_
0039 00273 _00183_DS_
0039 0000 0000 00274         BANKSEL _main_d_1_1
003B 0800      00275         MOVF    _main_d_1_1,W
003C 3A4C      00276         XORLW   0x4c
003D 1D03      00277         BTFSS   STATUS,2
003E 2800      00278         GOTO    _00184_DS_
003F 0800      00279         MOVF    (_main_d_1_1 + 1),W
0040 3A00      00280         XORLW   0x00
0041 1903      00281         BTFSC   STATUS,2
0042 2800      00282         GOTO    _00152_DS_
0043 00283 _00184_DS_
0043 0000 0000 00284         BANKSEL _main_d_1_1
0045 0800      00285         MOVF    _main_d_1_1,W
0046 3A50      00286         XORLW   0x50
0047 1D03      00287         BTFSS   STATUS,2
0048 2800      00288         GOTO    _00185_DS_
0049 0800      00289         MOVF    (_main_d_1_1 + 1),W
004A 3A00      00290         XORLW   0x00
004B 1903      00291         BTFSC   STATUS,2
004C 2800      00292         GOTO    _00155_DS_
004D 00293 _00185_DS_
004D 0000 0000 00294         BANKSEL _main_d_1_1
004F 0800      00295         MOVF    _main_d_1_1,W
0050 3A52      00296         XORLW   0x52
0051 1D03      00297         BTFSS   STATUS,2
0052 2800      00298         GOTO    _00186_DS_
0053 0800      00299         MOVF    (_main_d_1_1 + 1),W
0054 3A00      00300         XORLW   0x00
0055 1903      00301         BTFSC   STATUS,2
0056 2800      00302         GOTO    _00153_DS_
0057 00303 _00186_DS_
0057 0000 0000 00304         BANKSEL _main_d_1_1
0059 0800      00305         MOVF    _main_d_1_1,W
005A 3A53      00306         XORLW   0x53
005B 1D03      00307         BTFSS   STATUS,2
005C 2800      00308         GOTO    _00187_DS_
005D 0800      00309         MOVF    (_main_d_1_1 + 1),W
005E 3A00      00310         XORLW   0x00
005F 1903      00311         BTFSC   STATUS,2
0060 2800      00312         GOTO    _00151_DS_
0061 00313 _00187_DS_
0061 0000 0000 00314         BANKSEL _main_d_1_1
0063 0800      00315         MOVF    _main_d_1_1,W
0064 3A54      00316         XORLW   0x54
0065 1D03      00317         BTFSS   STATUS,2
0066 2800      00318         GOTO    _00188_DS_
0067 0800      00319         MOVF    (_main_d_1_1 + 1),W
0068 3A00      00320         XORLW   0x00
0069 1903      00321         BTFSC   STATUS,2
gpasm-0.13.7 beta               main.asm    9-18-2009  00:00:15          PAGE  7


LOC  OBJECT CODE     LINE SOURCE TEXT
  VALUE
 
006A 2800      00322         GOTO    _00150_DS_
006B 00323 _00188_DS_
006B 0000 0000 00324         BANKSEL _main_d_1_1
006D 0800      00325         MOVF    _main_d_1_1,W
006E 3A58      00326         XORLW   0x58
006F 1D03      00327         BTFSS   STATUS,2
0070 2800      00328         GOTO    _00189_DS_
0071 0800      00329         MOVF    (_main_d_1_1 + 1),W
0072 3A00      00330         XORLW   0x00
0073 1903      00331         BTFSC   STATUS,2
0074 2800      00332         GOTO    _00154_DS_
0075 00333 _00189_DS_
0075 0000 0000 00334         BANKSEL _main_d_1_1
0077 0800      00335         MOVF    _main_d_1_1,W
0078 3A70      00336         XORLW   0x70
0079 1D03      00337         BTFSS   STATUS,2
007A 2800      00338         GOTO    _00190_DS_
007B 0800      00339         MOVF    (_main_d_1_1 + 1),W
007C 3A00      00340         XORLW   0x00
007D 1903      00341         BTFSC   STATUS,2
007E 2800      00342         GOTO    _00156_DS_
007F 00343 _00190_DS_
007F 0000 0000 00344         BANKSEL _main_d_1_1
0081 0800      00345         MOVF    _main_d_1_1,W
0082 3A74      00346         XORLW   0x74
0083 1D03      00347         BTFSS   STATUS,2
0084 2800      00348         GOTO    _00191_DS_
0085 0800      00349         MOVF    (_main_d_1_1 + 1),W
0086 3A00      00350         XORLW   0x00
0087 1903      00351         BTFSC   STATUS,2
0088 2800      00352         GOTO    _00157_DS_
0089 00353 _00191_DS_
0089 2800      00354         GOTO    _00158_DS_
008A 00355 _00147_DS_
               00356 ;       .line   132; "main.c"   cylon(0);
008A 3000      00357         MOVLW   0x00
008B 0000      00358         PAGESEL _cylon
008C 2000      00359         CALL    _cylon
008D 0000      00360         PAGESEL $
               00361 ;       .line   133; "main.c"   break;
008E 2800      00362         GOTO    _00159_DS_
008F 00363 _00148_DS_
               00364 ;       .line   135; "main.c"   cylon(1);
008F 3001      00365         MOVLW   0x01
0090 0000      00366         PAGESEL _cylon
0091 2000      00367         CALL    _cylon
0092 0000      00368         PAGESEL $
               00369 ;       .line   136; "main.c"   break;
0093 2800      00370         GOTO    _00159_DS_
0094 00371 _00149_DS_
               00372 ;       .line   138; "main.c"   cylon(2);
0094 3002      00373         MOVLW   0x02
0095 0000      00374         PAGESEL _cylon
0096 2000      00375         CALL    _cylon
gpasm-0.13.7 beta               main.asm    9-18-2009  00:00:15          PAGE  8


LOC  OBJECT CODE     LINE SOURCE TEXT
  VALUE
 
0097 0000      00376         PAGESEL $
               00377 ;       .line   139; "main.c"   break;
0098 2800      00378         GOTO    _00159_DS_
0099 00379 _00150_DS_
               00380 ;       .line   141; "main.c"   tune();
0099 2000      00381         CALL    _tune
               00382 ;       .line   142; "main.c"   break;
009A 2800      00383         GOTO    _00159_DS_
009B 00384 _00151_DS_
               00385 ;       .line   144; "main.c"   PORTA=(unsigned char)11; PORTB=(unsigned char)152;
009B 300B      00386         MOVLW   0x0b
009C 0000 0000 00387         BANKSEL _PORTA
009E 0080      00388         MOVWF   _PORTA
009F 3098      00389         MOVLW   0x98
00A0 0080      00390         MOVWF   _PORTB
               00391 ;       .line   145; "main.c"   break;
00A1 2800      00392         GOTO    _00159_DS_
00A2 00393 _00152_DS_
               00394 ;       .line   147; "main.c"   PORTA=(unsigned char)12; PORTB=(unsigned char)225;
00A2 300C      00395         MOVLW   0x0c
00A3 0000 0000 00396         BANKSEL _PORTA
00A5 0080      00397         MOVWF   _PORTA
00A6 30E1      00398         MOVLW   0xe1
00A7 0080      00399         MOVWF   _PORTB
               00400 ;       .line   148; "main.c"   break;
00A8 2800      00401         GOTO    _00159_DS_
00A9 00402 _00153_DS_
               00403 ;       .line   150; "main.c"   PORTA=(unsigned char)13; PORTB=(unsigned char)200;
00A9 300D      00404         MOVLW   0x0d
00AA 0000 0000 00405         BANKSEL _PORTA
00AC 0080      00406         MOVWF   _PORTA
00AD 30C8      00407         MOVLW   0xc8
00AE 0080      00408         MOVWF   _PORTB
               00409 ;       .line   151; "main.c"   break;
00AF 2800      00410         GOTO    _00159_DS_
00B0 00411 _00154_DS_
               00412 ;       .line   153; "main.c"   PORTA=(unsigned char)5; PORTB=(unsigned char)72;
00B0 3005      00413         MOVLW   0x05
00B1 0000 0000 00414         BANKSEL _PORTA
00B3 0080      00415         MOVWF   _PORTA
00B4 3048      00416         MOVLW   0x48
00B5 0080      00417         MOVWF   _PORTB
               00418 ;       .line   154; "main.c"   break;
00B6 2800      00419         GOTO    _00159_DS_
00B7 00420 _00155_DS_
               00421 ;       .line   156; "main.c"   i=get_byte();
00B7 2000      00422         CALL    _get_byte
00B8 0000 0000 00423         BANKSEL r0x103A
00BA 0080      00424         MOVWF   r0x103A
00BB 0800      00425         MOVF    STK00,W
00BC 0080      00426         MOVWF   r0x103B
               00427 ;       .line   157; "main.c"   PORTA=i;
00BD 0000 0000 00428         BANKSEL _main_i_1_1
00BF 0080      00429         MOVWF   _main_i_1_1
gpasm-0.13.7 beta               main.asm    9-18-2009  00:00:15          PAGE  9


LOC  OBJECT CODE     LINE SOURCE TEXT
  VALUE
 
00C0 0000 0000 00430         BANKSEL _PORTA
00C2 0080      00431         MOVWF   _PORTA
               00432 ;       .line   158; "main.c"   i=get_byte();
00C3 2000      00433         CALL    _get_byte
00C4 0000 0000 00434         BANKSEL r0x103A
00C6 0080      00435         MOVWF   r0x103A
00C7 0800      00436         MOVF    STK00,W
00C8 0080      00437         MOVWF   r0x103B
               00438 ;       .line   159; "main.c"   PORTB=i;
00C9 0000 0000 00439         BANKSEL _main_i_1_1
00CB 0080      00440         MOVWF   _main_i_1_1
00CC 0000 0000 00441         BANKSEL _PORTB
00CE 0080      00442         MOVWF   _PORTB
               00443 ;       .line   160; "main.c"   break;
00CF 2800      00444         GOTO    _00159_DS_
00D0 00445 _00156_DS_
               00446 ;       .line   162; "main.c"   pattern();
00D0 2000      00447         CALL    _pattern
               00448 ;       .line   163; "main.c"   break;
00D1 2800      00449         GOTO    _00159_DS_
00D2 00450 _00157_DS_
               00451 ;       .line   165; "main.c"   d=get_byte();
00D2 2000      00452         CALL    _get_byte
00D3 0000 0000 00453         BANKSEL _main_d_1_1
00D5 0080      00454         MOVWF   (_main_d_1_1 + 1)
00D6 0800      00455         MOVF    STK00,W
00D7 0080      00456         MOVWF   _main_d_1_1
               00457 ;       .line   166; "main.c"   i=get_byte();
00D8 2000      00458         CALL    _get_byte
00D9 0000 0000 00459         BANKSEL r0x103A
00DB 0080      00460         MOVWF   r0x103A
00DC 0800      00461         MOVF    STK00,W
00DD 0080      00462         MOVWF   r0x103B
               00463 ;       .line   167; "main.c"   play_tone(d,i);
00DE 0000 0000 00464         BANKSEL _main_i_1_1
00E0 0080      00465         MOVWF   _main_i_1_1
00E1 0000 0000 00466         BANKSEL r0x103B
00E3 0080      00467         MOVWF   r0x103B
00E4 0180      00468         CLRF    r0x103A
00E5 0800      00469         MOVF    r0x103B,W
00E6 0080      00470         MOVWF   STK02
00E7 3000      00471         MOVLW   0x00
00E8 0080      00472         MOVWF   STK01
00E9 0000 0000 00473         BANKSEL _main_d_1_1
00EB 0800      00474         MOVF    _main_d_1_1,W
00EC 0080      00475         MOVWF   STK00
00ED 0800      00476         MOVF    (_main_d_1_1 + 1),W
00EE 0000      00477         PAGESEL _play_tone
00EF 2000      00478         CALL    _play_tone
00F0 0000      00479         PAGESEL $
               00480 ;       .line   168; "main.c"   d='t';
00F1 3074      00481         MOVLW   0x74
00F2 0000 0000 00482         BANKSEL _main_d_1_1
00F4 0080      00483         MOVWF   _main_d_1_1
gpasm-0.13.7 beta               main.asm    9-18-2009  00:00:15          PAGE 10


LOC  OBJECT CODE     LINE SOURCE TEXT
  VALUE
 
00F5 0180      00484         CLRF    (_main_d_1_1 + 1)
               00485 ;       .line   169; "main.c"   break;
00F6 2800      00486         GOTO    _00159_DS_
00F7 00487 _00158_DS_
               00488 ;       .line   171; "main.c"   d='z';          //error
00F7 307A      00489         MOVLW   0x7a
00F8 0000 0000 00490         BANKSEL _main_d_1_1
00FA 0080      00491         MOVWF   _main_d_1_1
00FB 0180      00492         CLRF    (_main_d_1_1 + 1)
00FC 00493 _00159_DS_
               00494 ;       .line   174; "main.c"   if (d) put_byte(d); //response
00FC 0000 0000 00495         BANKSEL _main_d_1_1
00FE 0800      00496         MOVF    _main_d_1_1,W
00FF 0400      00497         IORWF   (_main_d_1_1 + 1),W
0100 1903      00498         BTFSC   STATUS,2
0101 2800      00499         GOTO    _00163_DS_
0102 0800      00500         MOVF    _main_d_1_1,W
0103 0080      00501         MOVWF   STK00
0104 0800      00502         MOVF    (_main_d_1_1 + 1),W
0105 2000      00503         CALL    _put_byte
0106 2800      00504         GOTO    _00163_DS_
0107 0008      00505         RETURN  
               00506 ; exit point of _main
               00507 
               00508 ;***
               00509 ;  pBlock Stats: dbName = C
               00510 ;***
               00511 ;entry:  _tune  ;Function start
               00512 ; 2 exit points
               00513 ;has an exit
               00514 ;functions called:
               00515 ;   _play_tone
               00516 ;   _play_tone
               00517 ;   _play_tone
               00518 ;   _play_tone
               00519 ;   _play_tone
               00520 ;   _play_tone
               00521 ;   _play_tone
               00522 ;   _play_tone
               00523 ;   _play_tone
               00524 ;   _play_tone
               00525 ;3 compiler assigned registers:
               00526 ;   STK02
               00527 ;   STK01
               00528 ;   STK00
               00529 ;; Starting pCode block
0108 00530 _tune   ;Function start
               00531 ; 2 exit points
               00532 ;       .line   100; "main.c"   play_tone(D5, DUR);
0108 3028      00533         MOVLW   0x28
0109 0080      00534         MOVWF   STK02
010A 3000      00535         MOVLW   0x00
010B 0080      00536         MOVWF   STK01
010C 3053      00537         MOVLW   0x53
gpasm-0.13.7 beta               main.asm    9-18-2009  00:00:15          PAGE 11


LOC  OBJECT CODE     LINE SOURCE TEXT
  VALUE
 
010D 0080      00538         MOVWF   STK00
010E 3003      00539         MOVLW   0x03
010F 0000      00540         PAGESEL _play_tone
0110 2000      00541         CALL    _play_tone
0111 0000      00542         PAGESEL $
               00543 ;       .line   101; "main.c"   play_tone(E5, DUR);
0112 3028      00544         MOVLW   0x28
0113 0080      00545         MOVWF   STK02
0114 3000      00546         MOVLW   0x00
0115 0080      00547         MOVWF   STK01
0116 30F6      00548         MOVLW   0xf6
0117 0080      00549         MOVWF   STK00
0118 3002      00550         MOVLW   0x02
0119 0000      00551         PAGESEL _play_tone
011A 2000      00552         CALL    _play_tone
011B 0000      00553         PAGESEL $
               00554 ;       .line   102; "main.c"   play_tone(D5, DUR);
011C 3028      00555         MOVLW   0x28
011D 0080      00556         MOVWF   STK02
011E 3000      00557         MOVLW   0x00
011F 0080      00558         MOVWF   STK01
0120 3053      00559         MOVLW   0x53
0121 0080      00560         MOVWF   STK00
0122 3003      00561         MOVLW   0x03
0123 0000      00562         PAGESEL _play_tone
0124 2000      00563         CALL    _play_tone
0125 0000      00564         PAGESEL $
               00565 ;       .line   103; "main.c"   play_tone(G5, DUR);
0126 3028      00566         MOVLW   0x28
0127 0080      00567         MOVWF   STK02
0128 3000      00568         MOVLW   0x00
0129 0080      00569         MOVWF   STK01
012A 307D      00570         MOVLW   0x7d
012B 0080      00571         MOVWF   STK00
012C 3002      00572         MOVLW   0x02
012D 0000      00573         PAGESEL _play_tone
012E 2000      00574         CALL    _play_tone
012F 0000      00575         PAGESEL $
               00576 ;       .line   104; "main.c"   play_tone(Fsh5, 2*DUR);
0130 3050      00577         MOVLW   0x50
0131 0080      00578         MOVWF   STK02
0132 3000      00579         MOVLW   0x00
0133 0080      00580         MOVWF   STK01
0134 30A3      00581         MOVLW   0xa3
0135 0080      00582         MOVWF   STK00
0136 3002      00583         MOVLW   0x02
0137 0000      00584         PAGESEL _play_tone
0138 2000      00585         CALL    _play_tone
0139 0000      00586         PAGESEL $
013A 0008      00587         RETURN  
               00588 ; exit point of _tune
               00589 
               00590 ;***
               00591 ;  pBlock Stats: dbName = C
gpasm-0.13.7 beta               main.asm    9-18-2009  00:00:15          PAGE 12


LOC  OBJECT CODE     LINE SOURCE TEXT
  VALUE
 
               00592 ;***
               00593 ;entry:  _pattern       ;Function start
               00594 ; 2 exit points
               00595 ;has an exit
               00596 ;functions called:
               00597 ;   _delay
               00598 ;   _delay
               00599 ;   _delay
               00600 ;   _delay
               00601 ;   _delay
               00602 ;   _delay
               00603 ;   _delay
               00604 ;   _delay
               00605 ;7 compiler assigned registers:
               00606 ;   r0x1033
               00607 ;   r0x1034
               00608 ;   r0x1035
               00609 ;   r0x1036
               00610 ;   r0x1037
               00611 ;   r0x1038
               00612 ;   r0x1039
               00613 ;; Starting pCode block
013B 00614 _pattern        ;Function start
               00615 ; 2 exit points
               00616 ;/home/sdcc-builder/build/sdcc-build/orig/sdcc/src/pic/gen.c:5904: size=0/1, offset=0, AOP_TYPE(res)=8
               00617 ;       .line   40; "main.c"    const unsigned char bits[] = {
013B 0000 0000 00618         BANKSEL _pattern_bits_1_1
013D 0180      00619         CLRF    (_pattern_bits_1_1 + 0)
               00620 ;/home/sdcc-builder/build/sdcc-build/orig/sdcc/src/pic/gen.c:5904: size=0/1, offset=0, AOP_TYPE(res)=8
013E 3001      00621         MOVLW   0x01
013F 0080      00622         MOVWF   (_pattern_bits_1_1 + 1)
               00623 ;/home/sdcc-builder/build/sdcc-build/orig/sdcc/src/pic/gen.c:5904: size=0/1, offset=0, AOP_TYPE(res)=8
0140 3004      00624         MOVLW   0x04
0141 0080      00625         MOVWF   (_pattern_bits_1_1 + 2)
               00626 ;/home/sdcc-builder/build/sdcc-build/orig/sdcc/src/pic/gen.c:5904: size=0/1, offset=0, AOP_TYPE(res)=8
0142 0180      00627         CLRF    (_pattern_bits_1_1 + 3)
               00628 ;/home/sdcc-builder/build/sdcc-build/orig/sdcc/src/pic/gen.c:5904: size=0/1, offset=0, AOP_TYPE(res)=8
0143 3008      00629         MOVLW   0x08
0144 0080      00630         MOVWF   (_pattern_bits_1_1 + 4)
               00631 ;/home/sdcc-builder/build/sdcc-build/orig/sdcc/src/pic/gen.c:5904: size=0/1, offset=0, AOP_TYPE(res)=8
0145 0180      00632         CLRF    (_pattern_bits_1_1 + 5)
               00633 ;/home/sdcc-builder/build/sdcc-build/orig/sdcc/src/pic/gen.c:5904: size=0/1, offset=0, AOP_TYPE(res)=8
0146 0180      00634         CLRF    (_pattern_bits_1_1 + 6)
               00635 ;/home/sdcc-builder/build/sdcc-build/orig/sdcc/src/pic/gen.c:5904: size=0/1, offset=0, AOP_TYPE(res)=8
0147 3008      00636         MOVLW   0x08
0148 0080      00637         MOVWF   (_pattern_bits_1_1 + 7)
               00638 ;/home/sdcc-builder/build/sdcc-build/orig/sdcc/src/pic/gen.c:5904: size=0/1, offset=0, AOP_TYPE(res)=8
0149 0180      00639         CLRF    (_pattern_bits_1_1 + 8)
               00640 ;/home/sdcc-builder/build/sdcc-build/orig/sdcc/src/pic/gen.c:5904: size=0/1, offset=0, AOP_TYPE(res)=8
014A 3010      00641         MOVLW   0x10
014B 0080      00642         MOVWF   (_pattern_bits_1_1 + 9)
               00643 ;/home/sdcc-builder/build/sdcc-build/orig/sdcc/src/pic/gen.c:5904: size=0/1, offset=0, AOP_TYPE(res)=8
014C 0180      00644         CLRF    (_pattern_bits_1_1 + 10)
               00645 ;/home/sdcc-builder/build/sdcc-build/orig/sdcc/src/pic/gen.c:5904: size=0/1, offset=0, AOP_TYPE(res)=8
gpasm-0.13.7 beta               main.asm    9-18-2009  00:00:15          PAGE 13


LOC  OBJECT CODE     LINE SOURCE TEXT
  VALUE
 
014D 3020      00646         MOVLW   0x20
014E 0080      00647         MOVWF   (_pattern_bits_1_1 + 11)
               00648 ;/home/sdcc-builder/build/sdcc-build/orig/sdcc/src/pic/gen.c:5904: size=0/1, offset=0, AOP_TYPE(res)=8
014F 0180      00649         CLRF    (_pattern_bits_1_1 + 12)
               00650 ;/home/sdcc-builder/build/sdcc-build/orig/sdcc/src/pic/gen.c:5904: size=0/1, offset=0, AOP_TYPE(res)=8
0150 3040      00651         MOVLW   0x40
0151 0080      00652         MOVWF   (_pattern_bits_1_1 + 13)
               00653 ;/home/sdcc-builder/build/sdcc-build/orig/sdcc/src/pic/gen.c:5904: size=0/1, offset=0, AOP_TYPE(res)=8
0152 0180      00654         CLRF    (_pattern_bits_1_1 + 14)
               00655 ;/home/sdcc-builder/build/sdcc-build/orig/sdcc/src/pic/gen.c:5904: size=0/1, offset=0, AOP_TYPE(res)=8
0153 3080      00656         MOVLW   0x80
0154 0080      00657         MOVWF   (_pattern_bits_1_1 + 15)
               00658 ;/home/sdcc-builder/build/sdcc-build/orig/sdcc/src/pic/gen.c:5904: size=0/1, offset=0, AOP_TYPE(res)=8
0155 3001      00659         MOVLW   0x01
0156 0080      00660         MOVWF   (_pattern_bits_1_1 + 16)
               00661 ;/home/sdcc-builder/build/sdcc-build/orig/sdcc/src/pic/gen.c:5904: size=0/1, offset=0, AOP_TYPE(res)=8
0157 0180      00662         CLRF    (_pattern_bits_1_1 + 17)
               00663 ;/home/sdcc-builder/build/sdcc-build/orig/sdcc/src/pic/gen.c:5904: size=0/1, offset=0, AOP_TYPE(res)=8
0158 3002      00664         MOVLW   0x02
0159 0080      00665         MOVWF   (_pattern_bits_1_1 + 18)
               00666 ;/home/sdcc-builder/build/sdcc-build/orig/sdcc/src/pic/gen.c:5904: size=0/1, offset=0, AOP_TYPE(res)=8
015A 0180      00667         CLRF    (_pattern_bits_1_1 + 19)
               00668 ;/home/sdcc-builder/build/sdcc-build/orig/sdcc/src/pic/gen.c:5904: size=0/1, offset=0, AOP_TYPE(res)=8
015B 3004      00669         MOVLW   0x04
015C 0080      00670         MOVWF   (_pattern_bits_1_1 + 20)
               00671 ;/home/sdcc-builder/build/sdcc-build/orig/sdcc/src/pic/gen.c:5904: size=0/1, offset=0, AOP_TYPE(res)=8
015D 3001      00672         MOVLW   0x01
015E 0080      00673         MOVWF   (_pattern_bits_1_1 + 21)
               00674 ;/home/sdcc-builder/build/sdcc-build/orig/sdcc/src/pic/gen.c:5904: size=0/1, offset=0, AOP_TYPE(res)=8
015F 3008      00675         MOVLW   0x08
0160 0080      00676         MOVWF   (_pattern_bits_1_1 + 22)
0161 0080      00677         MOVWF   (_pattern_bits_1_1 + 23)
               00678 ;/home/sdcc-builder/build/sdcc-build/orig/sdcc/src/pic/gen.c:5904: size=0/1, offset=0, AOP_TYPE(res)=8
0162 0180      00679         CLRF    (_pattern_bits_1_1 + 24)
               00680 ;/home/sdcc-builder/build/sdcc-build/orig/sdcc/src/pic/gen.c:5904: size=0/1, offset=0, AOP_TYPE(res)=8
0163 3030      00681         MOVLW   0x30
0164 0080      00682         MOVWF   (_pattern_bits_1_1 + 25)
               00683 ;/home/sdcc-builder/build/sdcc-build/orig/sdcc/src/pic/gen.c:5904: size=0/1, offset=0, AOP_TYPE(res)=8
0165 0180      00684         CLRF    (_pattern_bits_1_1 + 26)
               00685 ;/home/sdcc-builder/build/sdcc-build/orig/sdcc/src/pic/gen.c:5904: size=0/1, offset=0, AOP_TYPE(res)=8
0166 30C0      00686         MOVLW   0xc0
0167 0080      00687         MOVWF   (_pattern_bits_1_1 + 27)
               00688 ;/home/sdcc-builder/build/sdcc-build/orig/sdcc/src/pic/gen.c:5904: size=0/1, offset=0, AOP_TYPE(res)=8
0168 3003      00689         MOVLW   0x03
0169 0080      00690         MOVWF   (_pattern_bits_1_1 + 28)
               00691 ;/home/sdcc-builder/build/sdcc-build/orig/sdcc/src/pic/gen.c:5904: size=0/1, offset=0, AOP_TYPE(res)=8
016A 0180      00692         CLRF    (_pattern_bits_1_1 + 29)
               00693 ;/home/sdcc-builder/build/sdcc-build/orig/sdcc/src/pic/gen.c:5904: size=0/1, offset=0, AOP_TYPE(res)=8
016B 300C      00694         MOVLW   0x0c
016C 0080      00695         MOVWF   (_pattern_bits_1_1 + 30)
               00696 ;/home/sdcc-builder/build/sdcc-build/orig/sdcc/src/pic/gen.c:5904: size=0/1, offset=0, AOP_TYPE(res)=8
016D 3001      00697         MOVLW   0x01
016E 0080      00698         MOVWF   (_pattern_bits_1_1 + 31)
               00699 ;/home/sdcc-builder/build/sdcc-build/orig/sdcc/src/pic/gen.c:5904: size=0/1, offset=0, AOP_TYPE(res)=8
gpasm-0.13.7 beta               main.asm    9-18-2009  00:00:15          PAGE 14


LOC  OBJECT CODE     LINE SOURCE TEXT
  VALUE
 
016F 0180      00700         CLRF    (_pattern_bits_1_1 + 32)
               00701 ;/home/sdcc-builder/build/sdcc-build/orig/sdcc/src/pic/gen.c:5904: size=0/1, offset=0, AOP_TYPE(res)=8
0170 3038      00702         MOVLW   0x38
0171 0080      00703         MOVWF   (_pattern_bits_1_1 + 33)
               00704 ;/home/sdcc-builder/build/sdcc-build/orig/sdcc/src/pic/gen.c:5904: size=0/1, offset=0, AOP_TYPE(res)=8
0172 3001      00705         MOVLW   0x01
0173 0080      00706         MOVWF   (_pattern_bits_1_1 + 34)
               00707 ;/home/sdcc-builder/build/sdcc-build/orig/sdcc/src/pic/gen.c:5904: size=0/1, offset=0, AOP_TYPE(res)=8
0174 30C0      00708         MOVLW   0xc0
0175 0080      00709         MOVWF   (_pattern_bits_1_1 + 35)
               00710 ;/home/sdcc-builder/build/sdcc-build/orig/sdcc/src/pic/gen.c:5904: size=0/1, offset=0, AOP_TYPE(res)=8
0176 3002      00711         MOVLW   0x02
0177 0080      00712         MOVWF   (_pattern_bits_1_1 + 36)
               00713 ;/home/sdcc-builder/build/sdcc-build/orig/sdcc/src/pic/gen.c:5904: size=0/1, offset=0, AOP_TYPE(res)=8
0178 0180      00714         CLRF    (_pattern_bits_1_1 + 37)
               00715 ;/home/sdcc-builder/build/sdcc-build/orig/sdcc/src/pic/gen.c:5904: size=0/1, offset=0, AOP_TYPE(res)=8
0179 3003      00716         MOVLW   0x03
017A 0080      00717         MOVWF   (_pattern_bits_1_1 + 38)
               00718 ;/home/sdcc-builder/build/sdcc-build/orig/sdcc/src/pic/gen.c:5904: size=0/1, offset=0, AOP_TYPE(res)=8
017B 30E0      00719         MOVLW   0xe0
017C 0080      00720         MOVWF   (_pattern_bits_1_1 + 39)
               00721 ;/home/sdcc-builder/build/sdcc-build/orig/sdcc/src/pic/gen.c:5904: size=0/1, offset=0, AOP_TYPE(res)=8
017D 300C      00722         MOVLW   0x0c
017E 0080      00723         MOVWF   (_pattern_bits_1_1 + 40)
               00724 ;/home/sdcc-builder/build/sdcc-build/orig/sdcc/src/pic/gen.c:5904: size=0/1, offset=0, AOP_TYPE(res)=8
017F 3019      00725         MOVLW   0x19
0180 0080      00726         MOVWF   (_pattern_bits_1_1 + 41)
               00727 ;/home/sdcc-builder/build/sdcc-build/orig/sdcc/src/pic/gen.c:5904: size=0/1, offset=0, AOP_TYPE(res)=8
0181 3003      00728         MOVLW   0x03
0182 0080      00729         MOVWF   (_pattern_bits_1_1 + 42)
               00730 ;/home/sdcc-builder/build/sdcc-build/orig/sdcc/src/pic/gen.c:5904: size=0/1, offset=0, AOP_TYPE(res)=8
0183 30E0      00731         MOVLW   0xe0
0184 0080      00732         MOVWF   (_pattern_bits_1_1 + 43)
               00733 ;/home/sdcc-builder/build/sdcc-build/orig/sdcc/src/pic/gen.c:5904: size=0/1, offset=0, AOP_TYPE(res)=8
0185 3007      00734         MOVLW   0x07
0186 0080      00735         MOVWF   (_pattern_bits_1_1 + 44)
               00736 ;/home/sdcc-builder/build/sdcc-build/orig/sdcc/src/pic/gen.c:5904: size=0/1, offset=0, AOP_TYPE(res)=8
0187 3031      00737         MOVLW   0x31
0188 0080      00738         MOVWF   (_pattern_bits_1_1 + 45)
               00739 ;/home/sdcc-builder/build/sdcc-build/orig/sdcc/src/pic/gen.c:5904: size=0/1, offset=0, AOP_TYPE(res)=8
0189 3008      00740         MOVLW   0x08
018A 0080      00741         MOVWF   (_pattern_bits_1_1 + 46)
               00742 ;/home/sdcc-builder/build/sdcc-build/orig/sdcc/src/pic/gen.c:5904: size=0/1, offset=0, AOP_TYPE(res)=8
018B 30C8      00743         MOVLW   0xc8
018C 0080      00744         MOVWF   (_pattern_bits_1_1 + 47)
               00745 ;       .line   69; "main.c"    for(i = 0; i < 20; i=i+2) 
018D 0000 0000 00746         BANKSEL r0x1033
018F 0180      00747         CLRF    r0x1033
               00748 ;unsigned compare: left < lit(0x14=20), size=1
0190 00749 _00119_DS_
0190 3014      00750         MOVLW   0x14
0191 0000 0000 00751         BANKSEL r0x1033
0193 0200      00752         SUBWF   r0x1033,W
0194 1803      00753         BTFSC   STATUS,0
gpasm-0.13.7 beta               main.asm    9-18-2009  00:00:15          PAGE 15


LOC  OBJECT CODE     LINE SOURCE TEXT
  VALUE
 
0195 2800      00754         GOTO    _00122_DS_
               00755 ;genSkipc:3080: created from rifx:0x2260cc
               00756 ;       .line   71; "main.c"    PORTA = bits[i];
0196 0800      00757         MOVF    r0x1033,W
0197 3E00      00758         ADDLW   (_pattern_bits_1_1 + 0)
0198 0080      00759         MOVWF   r0x1034
0199 3000      00760         MOVLW   high (_pattern_bits_1_1 + 0)
019A 1803      00761         BTFSC   STATUS,0
019B 3E01      00762         ADDLW   0x01
019C 0080      00763         MOVWF   r0x1035
019D 0800      00764         MOVF    r0x1034,W
019E 0084      00765         MOVWF   FSR
019F 1383      00766         BCF     STATUS,7
01A0 1800      00767         BTFSC   r0x1035,0
01A1 1783      00768         BSF     STATUS,7
01A2 0800      00769         MOVF    INDF,W
01A3 0000 0000 00770         BANKSEL _PORTA
01A5 0080      00771         MOVWF   _PORTA
               00772 ;       .line   72; "main.c"    PORTB = bits[i+1];
01A6 0000 0000 00773         BANKSEL r0x1033
01A8 0A00      00774         INCF    r0x1033,W
01A9 0080      00775         MOVWF   r0x1034
01AA 3E00      00776         ADDLW   (_pattern_bits_1_1 + 0)
01AB 0080      00777         MOVWF   r0x1034
01AC 3000      00778         MOVLW   high (_pattern_bits_1_1 + 0)
01AD 1803      00779         BTFSC   STATUS,0
01AE 3E01      00780         ADDLW   0x01
01AF 0080      00781         MOVWF   r0x1036
01B0 0800      00782         MOVF    r0x1034,W
01B1 0084      00783         MOVWF   FSR
01B2 1383      00784         BCF     STATUS,7
01B3 1800      00785         BTFSC   r0x1036,0
01B4 1783      00786         BSF     STATUS,7
01B5 0800      00787         MOVF    INDF,W
01B6 0000 0000 00788         BANKSEL _PORTB
01B8 0080      00789         MOVWF   _PORTB
               00790 ;       .line   73; "main.c"    delay(500);
01B9 30F4      00791         MOVLW   0xf4
01BA 0000      00792         PAGESEL _delay
01BB 2000      00793         CALL    _delay
01BC 0000      00794         PAGESEL $
               00795 ;       .line   69; "main.c"    for(i = 0; i < 20; i=i+2) 
01BD 0000 0000 00796         BANKSEL r0x1033
01BF 0A80      00797         INCF    r0x1033,F
01C0 0A80      00798         INCF    r0x1033,F
01C1 2800      00799         GOTO    _00119_DS_
01C2 00800 _00122_DS_
               00801 ;       .line   76; "main.c"    for(i = 20; i < 30; i=i+2) 
01C2 3014      00802         MOVLW   0x14
01C3 0000 0000 00803         BANKSEL r0x1033
01C5 0080      00804         MOVWF   r0x1033
               00805 ;unsigned compare: left < lit(0x1E=30), size=1
01C6 00806 _00123_DS_
01C6 301E      00807         MOVLW   0x1e
gpasm-0.13.7 beta               main.asm    9-18-2009  00:00:15          PAGE 16


LOC  OBJECT CODE     LINE SOURCE TEXT
  VALUE
 
01C7 0000 0000 00808         BANKSEL r0x1033
01C9 0200      00809         SUBWF   r0x1033,W
01CA 1803      00810         BTFSC   STATUS,0
01CB 2800      00811         GOTO    _00126_DS_
               00812 ;genSkipc:3080: created from rifx:0x2260cc
               00813 ;       .line   78; "main.c"    PORTA = bits[i];
01CC 0800      00814         MOVF    r0x1033,W
01CD 3E00      00815         ADDLW   (_pattern_bits_1_1 + 0)
01CE 0080      00816         MOVWF   r0x1034
01CF 3000      00817         MOVLW   high (_pattern_bits_1_1 + 0)
01D0 1803      00818         BTFSC   STATUS,0
01D1 3E01      00819         ADDLW   0x01
01D2 0080      00820         MOVWF   r0x1036
01D3 0800      00821         MOVF    r0x1034,W
01D4 0084      00822         MOVWF   FSR
01D5 1383      00823         BCF     STATUS,7
01D6 1800      00824         BTFSC   r0x1036,0
01D7 1783      00825         BSF     STATUS,7
01D8 0800      00826         MOVF    INDF,W
01D9 0000 0000 00827         BANKSEL _PORTA
01DB 0080      00828         MOVWF   _PORTA
               00829 ;       .line   79; "main.c"    PORTB = bits[i+1];
01DC 0000 0000 00830         BANKSEL r0x1033
01DE 0A00      00831         INCF    r0x1033,W
01DF 0080      00832         MOVWF   r0x1034
01E0 3E00      00833         ADDLW   (_pattern_bits_1_1 + 0)
01E1 0080      00834         MOVWF   r0x1034
01E2 3000      00835         MOVLW   high (_pattern_bits_1_1 + 0)
01E3 1803      00836         BTFSC   STATUS,0
01E4 3E01      00837         ADDLW   0x01
01E5 0080      00838         MOVWF   r0x1037
01E6 0800      00839         MOVF    r0x1034,W
01E7 0084      00840         MOVWF   FSR
01E8 1383      00841         BCF     STATUS,7
01E9 1800      00842         BTFSC   r0x1037,0
01EA 1783      00843         BSF     STATUS,7
01EB 0800      00844         MOVF    INDF,W
01EC 0000 0000 00845         BANKSEL _PORTB
01EE 0080      00846         MOVWF   _PORTB
               00847 ;       .line   80; "main.c"    delay(500);
01EF 30F4      00848         MOVLW   0xf4
01F0 0000      00849         PAGESEL _delay
01F1 2000      00850         CALL    _delay
01F2 0000      00851         PAGESEL $
               00852 ;       .line   76; "main.c"    for(i = 20; i < 30; i=i+2) 
01F3 0000 0000 00853         BANKSEL r0x1033
01F5 0A80      00854         INCF    r0x1033,F
01F6 0A80      00855         INCF    r0x1033,F
01F7 2800      00856         GOTO    _00123_DS_
01F8 00857 _00126_DS_
               00858 ;       .line   83; "main.c"    for(i = 38; i < 42; i=i+2) 
01F8 3026      00859         MOVLW   0x26
01F9 0000 0000 00860         BANKSEL r0x1033
01FB 0080      00861         MOVWF   r0x1033
gpasm-0.13.7 beta               main.asm    9-18-2009  00:00:15          PAGE 17


LOC  OBJECT CODE     LINE SOURCE TEXT
  VALUE
 
               00862 ;unsigned compare: left < lit(0x2A=42), size=1
01FC 00863 _00127_DS_
01FC 302A      00864         MOVLW   0x2a
01FD 0000 0000 00865         BANKSEL r0x1033
01FF 0200      00866         SUBWF   r0x1033,W
0200 1803      00867         BTFSC   STATUS,0
0201 2800      00868         GOTO    _00130_DS_
               00869 ;genSkipc:3080: created from rifx:0x2260cc
               00870 ;       .line   85; "main.c"    PORTA = bits[i];
0202 0800      00871         MOVF    r0x1033,W
0203 3E00      00872         ADDLW   (_pattern_bits_1_1 + 0)
0204 0080      00873         MOVWF   r0x1034
0205 3000      00874         MOVLW   high (_pattern_bits_1_1 + 0)
0206 1803      00875         BTFSC   STATUS,0
0207 3E01      00876         ADDLW   0x01
0208 0080      00877         MOVWF   r0x1037
0209 0800      00878         MOVF    r0x1034,W
020A 0084      00879         MOVWF   FSR
020B 1383      00880         BCF     STATUS,7
020C 1800      00881         BTFSC   r0x1037,0
020D 1783      00882         BSF     STATUS,7
020E 0800      00883         MOVF    INDF,W
020F 0000 0000 00884         BANKSEL _PORTA
0211 0080      00885         MOVWF   _PORTA
               00886 ;       .line   86; "main.c"    PORTB = bits[i+1];
0212 0000 0000 00887         BANKSEL r0x1033
0214 0A00      00888         INCF    r0x1033,W
0215 0080      00889         MOVWF   r0x1034
0216 3E00      00890         ADDLW   (_pattern_bits_1_1 + 0)
0217 0080      00891         MOVWF   r0x1034
0218 3000      00892         MOVLW   high (_pattern_bits_1_1 + 0)
0219 1803      00893         BTFSC   STATUS,0
021A 3E01      00894         ADDLW   0x01
021B 0080      00895         MOVWF   r0x1038
021C 0800      00896         MOVF    r0x1034,W
021D 0084      00897         MOVWF   FSR
021E 1383      00898         BCF     STATUS,7
021F 1800      00899         BTFSC   r0x1038,0
0220 1783      00900         BSF     STATUS,7
0221 0800      00901         MOVF    INDF,W
0222 0000 0000 00902         BANKSEL _PORTB
0224 0080      00903         MOVWF   _PORTB
               00904 ;       .line   87; "main.c"    delay(500);
0225 30F4      00905         MOVLW   0xf4
0226 0000      00906         PAGESEL _delay
0227 2000      00907         CALL    _delay
0228 0000      00908         PAGESEL $
               00909 ;       .line   83; "main.c"    for(i = 38; i < 42; i=i+2) 
0229 0000 0000 00910         BANKSEL r0x1033
022B 0A80      00911         INCF    r0x1033,F
022C 0A80      00912         INCF    r0x1033,F
022D 2800      00913         GOTO    _00127_DS_
022E 00914 _00130_DS_
               00915 ;       .line   90; "main.c"    for(i = 44; i < 48; i=i+2) 
gpasm-0.13.7 beta               main.asm    9-18-2009  00:00:15          PAGE 18


LOC  OBJECT CODE     LINE SOURCE TEXT
  VALUE
 
022E 302C      00916         MOVLW   0x2c
022F 0000 0000 00917         BANKSEL r0x1033
0231 0080      00918         MOVWF   r0x1033
               00919 ;unsigned compare: left < lit(0x30=48), size=1
0232 00920 _00131_DS_
0232 3030      00921         MOVLW   0x30
0233 0000 0000 00922         BANKSEL r0x1033
0235 0200      00923         SUBWF   r0x1033,W
0236 1803      00924         BTFSC   STATUS,0
0237 2800      00925         GOTO    _00135_DS_
               00926 ;genSkipc:3080: created from rifx:0x2260cc
               00927 ;       .line   92; "main.c"    PORTA = bits[i];
0238 0800      00928         MOVF    r0x1033,W
0239 3E00      00929         ADDLW   (_pattern_bits_1_1 + 0)
023A 0080      00930         MOVWF   r0x1034
023B 3000      00931         MOVLW   high (_pattern_bits_1_1 + 0)
023C 1803      00932         BTFSC   STATUS,0
023D 3E01      00933         ADDLW   0x01
023E 0080      00934         MOVWF   r0x1038
023F 0800      00935         MOVF    r0x1034,W
0240 0084      00936         MOVWF   FSR
0241 1383      00937         BCF     STATUS,7
0242 1800      00938         BTFSC   r0x1038,0
0243 1783      00939         BSF     STATUS,7
0244 0800      00940         MOVF    INDF,W
0245 0000 0000 00941         BANKSEL _PORTA
0247 0080      00942         MOVWF   _PORTA
               00943 ;       .line   93; "main.c"    PORTB = bits[i+1];
0248 0000 0000 00944         BANKSEL r0x1033
024A 0A00      00945         INCF    r0x1033,W
024B 0080      00946         MOVWF   r0x1034
024C 3E00      00947         ADDLW   (_pattern_bits_1_1 + 0)
024D 0080      00948         MOVWF   r0x1034
024E 3000      00949         MOVLW   high (_pattern_bits_1_1 + 0)
024F 1803      00950         BTFSC   STATUS,0
0250 3E01      00951         ADDLW   0x01
0251 0080      00952         MOVWF   r0x1039
0252 0800      00953         MOVF    r0x1034,W
0253 0084      00954         MOVWF   FSR
0254 1383      00955         BCF     STATUS,7
0255 1800      00956         BTFSC   r0x1039,0
0256 1783      00957         BSF     STATUS,7
0257 0800      00958         MOVF    INDF,W
0258 0000 0000 00959         BANKSEL _PORTB
025A 0080      00960         MOVWF   _PORTB
               00961 ;       .line   94; "main.c"    delay(500);
025B 30F4      00962         MOVLW   0xf4
025C 0000      00963         PAGESEL _delay
025D 2000      00964         CALL    _delay
025E 0000      00965         PAGESEL $
               00966 ;       .line   90; "main.c"    for(i = 44; i < 48; i=i+2) 
025F 0000 0000 00967         BANKSEL r0x1033
0261 0A80      00968         INCF    r0x1033,F
0262 0A80      00969         INCF    r0x1033,F
gpasm-0.13.7 beta               main.asm    9-18-2009  00:00:15          PAGE 19


LOC  OBJECT CODE     LINE SOURCE TEXT
  VALUE
 
0263 2800      00970         GOTO    _00131_DS_
0264 00971 _00135_DS_
0264 0008      00972         RETURN  
               00973 ; exit point of _pattern
               00974 
               00975 ;***
               00976 ;  pBlock Stats: dbName = C
               00977 ;***
               00978 ;entry:  _put_byte      ;Function start
               00979 ; 2 exit points
               00980 ;has an exit
               00981 ;3 compiler assigned registers:
               00982 ;   r0x1033
               00983 ;   STK00
               00984 ;   r0x1034
               00985 ;; Starting pCode block
0265 00986 _put_byte       ;Function start
               00987 ; 2 exit points
               00988 ;;1     MOVWF   r0x1033
               00989 ;       .line   29; "main.c"    void put_byte(int i)
0265 0800      00990         MOVF    STK00,W
0266 0000 0000 00991         BANKSEL r0x1034
0268 0080      00992         MOVWF   r0x1034
0269 00993 _00112_DS_
               00994 ;       .line   31; "main.c"    while(!TRMT)
0269 0000 0000 00995         BANKSEL _TXSTA_bits
026B 1880      00996         BTFSC   _TXSTA_bits,1
026C 2800      00997         GOTO    _00114_DS_
026D 0000      00998         nop 
026E 2800      00999         GOTO    _00112_DS_
026F 01000 _00114_DS_
               01001 ;       .line   35; "main.c"    TXREG=i;        // Transmit             
026F 0000 0000 01002         BANKSEL r0x1034
0271 0800      01003         MOVF    r0x1034,W
0272 0000 0000 01004         BANKSEL _TXREG
0274 0080      01005         MOVWF   _TXREG
0275 0008      01006         RETURN  
               01007 ; exit point of _put_byte
               01008 
               01009 ;***
               01010 ;  pBlock Stats: dbName = C
               01011 ;***
               01012 ;entry:  _get_byte      ;Function start
               01013 ; 2 exit points
               01014 ;has an exit
               01015 ;3 compiler assigned registers:
               01016 ;   r0x1033
               01017 ;   r0x1034
               01018 ;   STK00
               01019 ;; Starting pCode block
0276 01020 _get_byte       ;Function start
               01021 ; 2 exit points
0276 01022 _00105_DS_
               01023 ;       .line   20; "main.c"    while(!RCIF)  // wait for character
gpasm-0.13.7 beta               main.asm    9-18-2009  00:00:15          PAGE 20


LOC  OBJECT CODE     LINE SOURCE TEXT
  VALUE
 
0276 0000 0000 01024         BANKSEL _PIR1_bits
0278 1A80      01025         BTFSC   _PIR1_bits,5
0279 2800      01026         GOTO    _00107_DS_
027A 0000      01027         nop 
027B 2800      01028         GOTO    _00105_DS_
027C 01029 _00107_DS_
               01030 ;       .line   25; "main.c"    i= RCREG;
027C 0000 0000 01031         BANKSEL _RCREG
027E 0800      01032         MOVF    _RCREG,W
               01033 ;       .line   26; "main.c"    return i;
027F 0000 0000 01034         BANKSEL r0x1033
0281 0080      01035         MOVWF   r0x1033
0282 0080      01036         MOVWF   STK00
0283 3000      01037         MOVLW   0x00
0284 0008      01038         RETURN  
               01039 ; exit point of _get_byte
               01040 
               01041 
               01042 ;       code size estimation:
               01043 ;         489+   91 =   580 instructions ( 1342 byte)
               01044 
gpasm-0.13.7 beta               main.asm    9-18-2009  00:00:15          PAGE 21


SYMBOL TABLE
  LABEL                             VALUE 

ADEN                              00000003
BRGH                              00000002
C                                 00000000
C1INV                             00000004
C1OUT                             00000006
C2INV                             00000005
C2OUT                             00000007
CCP1CON                           00000017
CCP1IE                            00000002
CCP1IF                            00000002
CCP1M0                            00000000
CCP1M1                            00000001
CCP1M2                            00000002
CCP1M3                            00000003
CCP1X                             00000005
CCP1Y                             00000004
CCPR1H                            00000016
CCPR1L                            00000015
CIS                               00000003
CM0                               00000000
CM1                               00000001
CM2                               00000002
CMCON                             0000001F
CMIE                              00000006
CMIF                              00000006
CREN                              00000004
CSRC                              00000007
DC                                00000001
EEADR                             0000009B
EECON1                            0000009C
EECON2                            0000009D
EEDATA                            0000009A
EEIE                              00000007
EEIF                              00000007
F                                 00000001
FERR                              00000002
FSR                               00000004
GIE                               00000007
INDF                              00000000
INTCON                            0000000B
INTE                              00000004
INTEDG                            00000006
INTF                              00000001
IRP                               00000007
NOT_BO                            00000000
NOT_BOD                           00000000
NOT_BOR                           00000000
NOT_PD                            00000003
NOT_POR                           00000001
NOT_RBPU                          00000007
NOT_T1SYNC                        00000002
NOT_TO                            00000004
OERR                              00000001
gpasm-0.13.7 beta               main.asm    9-18-2009  00:00:15          PAGE 22


LOC  OBJECT CODE     LINE SOURCE TEXT
  VALUE
 
OPTION_REG                        00000081
OSCF                              00000003
PCL                               00000002
PCLATH                            0000000A
PCON                              0000008E
PEIE                              00000006
PIE1                              0000008C
PIR1                              0000000C
PORTA                             00000005
PORTB                             00000006
PR2                               00000092
PS0                               00000000
PS1                               00000001
PS2                               00000002
PSA                               00000003
PSAVE                             00000070
RBIE                              00000003
RBIF                              00000000
RCIE                              00000005
RCIF                              00000005
RCREG                             0000001A
RCSTA                             00000018
RD                                00000000
RP0                               00000005
RP1                               00000006
RX9                               00000006
RX9D                              00000000
SPBRG                             00000099
SPEN                              00000007
SREN                              00000005
SSAVE                             00000071
STATUS                            00000003
STK00                             0000007F
STK01                             0000007E
STK02                             0000007D
STK03                             0000007C
STK04                             0000007B
STK05                             0000007A
STK06                             00000079
STK07                             00000078
STK08                             00000077
STK09                             00000076
STK10                             00000075
STK11                             00000074
STK12                             00000073
SYNC                              00000004
T0CS                              00000005
T0IE                              00000005
T0IF                              00000002
T0SE                              00000004
T1CKPS0                           00000004
T1CKPS1                           00000005
T1CON                             00000010
T1OSCEN                           00000003
gpasm-0.13.7 beta               main.asm    9-18-2009  00:00:15          PAGE 23


LOC  OBJECT CODE     LINE SOURCE TEXT
  VALUE
 
T2CKPS0                           00000000
T2CKPS1                           00000001
T2CON                             00000012
TMR0                              00000001
TMR1CS                            00000001
TMR1H                             0000000F
TMR1IE                            00000000
TMR1IF                            00000000
TMR1L                             0000000E
TMR1ON                            00000000
TMR2                              00000011
TMR2IE                            00000001
TMR2IF                            00000001
TMR2ON                            00000002
TOUTPS0                           00000003
TOUTPS1                           00000004
TOUTPS2                           00000005
TOUTPS3                           00000006
TRISA                             00000085
TRISB                             00000086
TRMT                              00000001
TX9                               00000006
TX9D                              00000000
TXEN                              00000005
TXIE                              00000004
TXIF                              00000004
TXREG                             00000019
TXSTA                             00000098
VR0                               00000000
VR1                               00000001
VR2                               00000002
VR3                               00000003
VRCON                             0000009F
VREN                              00000007
VROE                              00000006
VRR                               00000005
W                                 00000000
WR                                00000001
WREN                              00000002
WRERR                             00000003
WSAVE                             00000072
Z                                 00000002
_00105_DS_                        00000276
_00107_DS_                        0000027C
_00112_DS_                        00000269
_00114_DS_                        0000026F
_00119_DS_                        00000190
_00122_DS_                        000001C2
_00123_DS_                        000001C6
_00126_DS_                        000001F8
_00127_DS_                        000001FC
_00130_DS_                        0000022E
_00131_DS_                        00000232
_00135_DS_                        00000264
gpasm-0.13.7 beta               main.asm    9-18-2009  00:00:15          PAGE 24


LOC  OBJECT CODE     LINE SOURCE TEXT
  VALUE
 
_00147_DS_                        0000008A
_00148_DS_                        0000008F
_00149_DS_                        00000094
_00150_DS_                        00000099
_00151_DS_                        0000009B
_00152_DS_                        000000A2
_00153_DS_                        000000A9
_00154_DS_                        000000B0
_00155_DS_                        000000B7
_00156_DS_                        000000D0
_00157_DS_                        000000D2
_00158_DS_                        000000F7
_00159_DS_                        000000FC
_00163_DS_                        0000000B
_00181_DS_                        00000025
_00182_DS_                        0000002F
_00183_DS_                        00000039
_00184_DS_                        00000043
_00185_DS_                        0000004D
_00186_DS_                        00000057
_00187_DS_                        00000061
_00188_DS_                        0000006B
_00189_DS_                        00000075
_00190_DS_                        0000007F
_00191_DS_                        00000089
_BODEN_OFF                        00003FBF
_BODEN_ON                         00003FFF
_BOREN_OFF                        00003FBF
_BOREN_ON                         00003FFF
_CCP1CON                          00000000
_CCP1CON_bits                     00000000
_CCPR1H                           00000000
_CCPR1L                           00000000
_CMCON                            00000000
_CMCON_bits                       00000000
_CP_OFF                           00003FFF
_CP_ON                            00001FFF
_DATA_CP_OFF                      00003FFF
_DATA_CP_ON                       00003EFF
_EEADR                            00000000
_EECON1                           00000000
_EECON1_bits                      00000000
_EECON2                           00000000
_EEDATA                           00000000
_ER_OSC_CLKOUT                    00003FFF
_ER_OSC_NOCLKOUT                  00003FFE
_EXTCLK_OSC                       00003FEF
_FSR                              00000000
_HS_OSC                           00003FEE
_INDF                             00000000
_INTCON                           00000000
_INTCON_bits                      00000000
_INTOSC_OSC_CLKOUT                00003FFD
_INTOSC_OSC_NOCLKOUT              00003FFC
gpasm-0.13.7 beta               main.asm    9-18-2009  00:00:15          PAGE 25


LOC  OBJECT CODE     LINE SOURCE TEXT
  VALUE
 
_INTRC_OSC_CLKOUT                 00003FFD
_INTRC_OSC_NOCLKOUT               00003FFC
_LP_OSC                           00003FEC
_LVP_OFF                          00003F7F
_LVP_ON                           00003FFF
_MCLRE_OFF                        00003FDF
_MCLRE_ON                         00003FFF
_OPTION_REG                       00000000
_OPTION_REG_bits                  00000000
_PCL                              00000000
_PCLATH                           00000000
_PCON                             00000000
_PCON_bits                        00000000
_PIE1                             00000000
_PIE1_bits                        00000000
_PIR1                             00000000
_PIR1_bits                        00000000
_PORTA                            00000000
_PORTA_bits                       00000000
_PORTB                            00000000
_PORTB_bits                       00000000
_PR2                              00000000
_PWRTE_OFF                        00003FFF
_PWRTE_ON                         00003FF7
_RCREG                            00000000
_RCSTA                            00000000
_RCSTA_bits                       00000000
_RC_OSC_CLKOUT                    00003FFF
_RC_OSC_NOCLKOUT                  00003FFE
_SPBRG                            00000000
_STATUS                           00000000
_STATUS_bits                      00000000
_T1CON                            00000000
_T1CON_bits                       00000000
_T2CON                            00000000
_T2CON_bits                       00000000
_TMR0                             00000000
_TMR1H                            00000000
_TMR1L                            00000000
_TMR2                             00000000
_TRISA                            00000000
_TRISA_bits                       00000000
_TRISB                            00000000
_TRISB_bits                       00000000
_TXREG                            00000000
_TXSTA                            00000000
_TXSTA_bits                       00000000
_VRCON                            00000000
_VRCON_bits                       00000000
_WDT_OFF                          00003FFB
_WDT_ON                           00003FFF
_XT_OSC                           00003FED
__16F648A                         00000001
__sdcc_gsinit_startup             00000000
gpasm-0.13.7 beta               main.asm    9-18-2009  00:00:15          PAGE 26


LOC  OBJECT CODE     LINE SOURCE TEXT
  VALUE
 
_code_main_000002                 00000002
_code_main_00008d                 0000008D
_code_main_000092                 00000092
_code_main_000097                 00000097
_code_main_0000f0                 000000F0
_code_main_000111                 00000111
_code_main_00011b                 0000011B
_code_main_000125                 00000125
_code_main_00012f                 0000012F
_code_main_000139                 00000139
_code_main_0001bc                 000001BC
_code_main_0001f2                 000001F2
_code_main_000228                 00000228
_code_main_00025e                 0000025E
_cylon                            00000000
_delay                            00000000
_delay_us                         00000000
_get_byte                         00000276
_init_hw                          00000000
_main                             00000000
_main_d_1_1                       00000039
_main_i_1_1                       0000003B
_pattern                          0000013B
_pattern_bits_1_1                 00000009
_play_tone                        00000000
_put_byte                         00000265
_tune                             00000108
r0x1033                           00000000
r0x1034                           00000001
r0x1035                           00000002
r0x1036                           00000003
r0x1037                           00000004
r0x1038                           00000005
r0x1039                           00000006
r0x103A                           00000008
r0x103B                           00000007


Errors   :       0
Warnings :       0 reported,       0 suppressed
Messages :       0 reported,       0 suppressed

