c:\users\phil\documents\visual studio 2013\projects\rbasic2\rbasic2\debug\vc120.pdb
c:\users\phil\documents\visual studio 2013\projects\rbasic2\rbasic2\debug\vc120.idb
c:\users\phil\documents\visual studio 2013\projects\rbasic2\rbasic2\debug\jpeg.obj
c:\users\phil\documents\visual studio 2013\projects\rbasic2\rbasic2\debug\kmeans.obj
c:\users\phil\documents\visual studio 2013\projects\rbasic2\rbasic2\debug\lists.obj
c:\users\phil\documents\visual studio 2013\projects\rbasic2\rbasic2\debug\matrix.obj
c:\users\phil\documents\visual studio 2013\projects\rbasic2\rbasic2\debug\mem.obj
c:\users\phil\documents\visual studio 2013\projects\rbasic2\rbasic2\debug\network.obj
c:\users\phil\documents\visual studio 2013\projects\rbasic2\rbasic2\debug\ocells.obj
c:\users\phil\documents\visual studio 2013\projects\rbasic2\rbasic2\debug\odict.obj
c:\users\phil\documents\visual studio 2013\projects\rbasic2\rbasic2\debug\oexpress.obj
c:\users\phil\documents\visual studio 2013\projects\rbasic2\rbasic2\debug\ofunction.obj
c:\users\phil\documents\visual studio 2013\projects\rbasic2\rbasic2\debug\oimg.obj
c:\users\phil\documents\visual studio 2013\projects\rbasic2\rbasic2\debug\oobj.obj
c:\users\phil\documents\visual studio 2013\projects\rbasic2\rbasic2\debug\oparticles.obj
c:\users\phil\documents\visual studio 2013\projects\rbasic2\rbasic2\debug\opflow.obj
c:\users\phil\documents\visual studio 2013\projects\rbasic2\rbasic2\debug\ostack.obj
c:\users\phil\documents\visual studio 2013\projects\rbasic2\rbasic2\debug\ostring.obj
c:\users\phil\documents\visual studio 2013\projects\rbasic2\rbasic2\debug\rbmread.obj
c:\users\phil\documents\visual studio 2013\projects\rbasic2\rbasic2\debug\trex.obj
c:\users\phil\documents\visual studio 2013\projects\rbasic2\rbasic2\debug\win-remote.obj
c:\users\phil\documents\visual studio 2013\projects\rbasic2\rbasic2\debug\win.obj
c:\users\phil\documents\visual studio 2013\projects\rbasic2\rbasic2\debug\basic.obj
c:\users\phil\documents\visual studio 2013\projects\rbasic2\rbasic2\debug\cmap.obj
c:\users\phil\documents\visual studio 2013\projects\rbasic2\rbasic2\debug\commands.obj
c:\users\phil\documents\visual studio 2013\projects\rbasic2\rbasic2\debug\edit.obj
c:\users\phil\documents\visual studio 2013\projects\rbasic2\rbasic2\debug\express.obj
c:\users\phil\documents\visual studio 2013\projects\rbasic2\rbasic2\debug\fix_fft.obj
c:\users\phil\documents\visual studio 2013\projects\rbasic2\rbasic2\debug\fmatrix.obj
c:\users\phil\documents\visual studio 2013\projects\rbasic2\rbasic2\debug\fnetwork.obj
c:\users\phil\documents\visual studio 2013\projects\rbasic2\rbasic2\debug\functions.obj
c:\users\phil\documents\visual studio 2013\projects\rbasic2\rbasic2\debug\harris.obj
c:\users\phil\documents\visual studio 2013\projects\rbasic2\debug\rbasic2.exe
c:\users\phil\documents\visual studio 2013\projects\rbasic2\debug\rbasic2.pdb
c:\users\phil\documents\visual studio 2013\projects\rbasic2\rbasic2\debug\rbasic2.tlog\cl.command.1.tlog
c:\users\phil\documents\visual studio 2013\projects\rbasic2\rbasic2\debug\rbasic2.tlog\cl.read.1.tlog
c:\users\phil\documents\visual studio 2013\projects\rbasic2\rbasic2\debug\rbasic2.tlog\cl.write.1.tlog
c:\users\phil\documents\visual studio 2013\projects\rbasic2\rbasic2\debug\rbasic2.tlog\link.command.1.tlog
c:\users\phil\documents\visual studio 2013\projects\rbasic2\rbasic2\debug\rbasic2.tlog\link.read.1.tlog
c:\users\phil\documents\visual studio 2013\projects\rbasic2\rbasic2\debug\rbasic2.tlog\link.write.1.tlog
